2019-01-12 10:40:20          [main] INFO     c.l.s.s.impl.OrderServiceImplTest - Starting OrderServiceImplTest on logmei-PC with PID 9992 (started by logmei in D:\02_WorkSpace\sell)
2019-01-12 10:40:20          [main] INFO     c.l.s.s.impl.OrderServiceImplTest - No active profile set, falling back to default profiles: default
2019-01-12 10:40:23          [main] INFO     o.s.d.r.c.RepositoryConfigurationDelegate - Bootstrapping Spring Data repositories in DEFAULT mode.
2019-01-12 10:40:23          [main] INFO     o.s.d.r.c.RepositoryConfigurationDelegate - Finished Spring Data repository scanning in 161ms. Found 4 repository interfaces.
2019-01-12 10:40:24          [main] INFO     o.s.c.s.PostProcessorRegistrationDelegate$BeanPostProcessorChecker - Bean 'org.springframework.transaction.annotation.ProxyTransactionManagementConfiguration' of type [org.springframework.transaction.annotation.ProxyTransactionManagementConfiguration$$EnhancerBySpringCGLIB$$ff5c903d] is not eligible for getting processed by all BeanPostProcessors (for example: not eligible for auto-proxying)
2019-01-12 10:40:25          [main] INFO     com.zaxxer.hikari.HikariDataSource - HikariPool-1 - Starting...
2019-01-12 10:40:25          [main] INFO     com.zaxxer.hikari.HikariDataSource - HikariPool-1 - Start completed.
2019-01-12 10:40:26          [main] INFO     o.h.jpa.internal.util.LogHelper - HHH000204: Processing PersistenceUnitInfo [
	name: default
	...]
2019-01-12 10:40:26          [main] INFO     org.hibernate.Version - HHH000412: Hibernate Core {5.3.7.Final}
2019-01-12 10:40:26          [main] INFO     org.hibernate.cfg.Environment - HHH000206: hibernate.properties not found
2019-01-12 10:40:26          [main] INFO     o.h.annotations.common.Version - HCANN000001: Hibernate Commons Annotations {5.0.4.Final}
2019-01-12 10:40:28          [main] INFO     org.hibernate.dialect.Dialect - HHH000400: Using dialect: org.hibernate.dialect.MySQL5Dialect
2019-01-12 10:40:30          [main] INFO     o.s.o.j.LocalContainerEntityManagerFactoryBean - Initialized JPA EntityManagerFactory for persistence unit 'default'
2019-01-12 10:40:32          [main] INFO     o.s.s.c.ThreadPoolTaskExecutor - Initializing ExecutorService 'applicationTaskExecutor'
2019-01-12 10:40:32          [main] WARN     o.s.b.a.o.j.JpaBaseConfiguration$JpaWebConfiguration$JpaWebMvcConfiguration - spring.jpa.open-in-view is enabled by default. Therefore, database queries may be performed during view rendering. Explicitly configure spring.jpa.open-in-view to disable this warning
2019-01-12 10:40:33          [main] INFO     c.l.s.s.impl.OrderServiceImplTest - Started OrderServiceImplTest in 13.821 seconds (JVM running for 18.286)
2019-01-12 10:40:33          [main] WARN     o.h.e.jdbc.spi.SqlExceptionHelper - SQL Error: 1048, SQLState: 23000
2019-01-12 10:40:34      [Thread-2] INFO     o.s.s.c.ThreadPoolTaskExecutor - Shutting down ExecutorService 'applicationTaskExecutor'
2019-01-12 10:40:34      [Thread-2] INFO     o.s.o.j.LocalContainerEntityManagerFactoryBean - Closing JPA EntityManagerFactory for persistence unit 'default'
2019-01-12 10:40:34      [Thread-2] INFO     com.zaxxer.hikari.HikariDataSource - HikariPool-1 - Shutdown initiated...
2019-01-12 10:40:34      [Thread-2] INFO     com.zaxxer.hikari.HikariDataSource - HikariPool-1 - Shutdown completed.
2019-01-12 10:43:51          [main] INFO     c.l.s.s.impl.OrderServiceImplTest - Starting OrderServiceImplTest on logmei-PC with PID 2832 (started by logmei in D:\02_WorkSpace\sell)
2019-01-12 10:43:51          [main] INFO     c.l.s.s.impl.OrderServiceImplTest - No active profile set, falling back to default profiles: default
2019-01-12 10:43:53          [main] INFO     o.s.d.r.c.RepositoryConfigurationDelegate - Bootstrapping Spring Data repositories in DEFAULT mode.
2019-01-12 10:43:53          [main] INFO     o.s.d.r.c.RepositoryConfigurationDelegate - Finished Spring Data repository scanning in 181ms. Found 4 repository interfaces.
2019-01-12 10:43:54          [main] INFO     o.s.c.s.PostProcessorRegistrationDelegate$BeanPostProcessorChecker - Bean 'org.springframework.transaction.annotation.ProxyTransactionManagementConfiguration' of type [org.springframework.transaction.annotation.ProxyTransactionManagementConfiguration$$EnhancerBySpringCGLIB$$18662442] is not eligible for getting processed by all BeanPostProcessors (for example: not eligible for auto-proxying)
2019-01-12 10:43:55          [main] INFO     com.zaxxer.hikari.HikariDataSource - HikariPool-1 - Starting...
2019-01-12 10:43:56          [main] INFO     com.zaxxer.hikari.HikariDataSource - HikariPool-1 - Start completed.
2019-01-12 10:43:56          [main] INFO     o.h.jpa.internal.util.LogHelper - HHH000204: Processing PersistenceUnitInfo [
	name: default
	...]
2019-01-12 10:43:56          [main] INFO     org.hibernate.Version - HHH000412: Hibernate Core {5.3.7.Final}
2019-01-12 10:43:56          [main] INFO     org.hibernate.cfg.Environment - HHH000206: hibernate.properties not found
2019-01-12 10:43:56          [main] INFO     o.h.annotations.common.Version - HCANN000001: Hibernate Commons Annotations {5.0.4.Final}
2019-01-12 10:43:57          [main] INFO     org.hibernate.dialect.Dialect - HHH000400: Using dialect: org.hibernate.dialect.MySQL5Dialect
2019-01-12 10:43:58          [main] INFO     o.s.o.j.LocalContainerEntityManagerFactoryBean - Initialized JPA EntityManagerFactory for persistence unit 'default'
2019-01-12 10:44:00          [main] INFO     o.s.s.c.ThreadPoolTaskExecutor - Initializing ExecutorService 'applicationTaskExecutor'
2019-01-12 10:44:00          [main] WARN     o.s.b.a.o.j.JpaBaseConfiguration$JpaWebConfiguration$JpaWebMvcConfiguration - spring.jpa.open-in-view is enabled by default. Therefore, database queries may be performed during view rendering. Explicitly configure spring.jpa.open-in-view to disable this warning
2019-01-12 10:44:01          [main] INFO     c.l.s.s.impl.OrderServiceImplTest - Started OrderServiceImplTest in 11.424 seconds (JVM running for 13.6)
2019-01-12 10:44:01          [main] INFO     o.h.h.i.QueryTranslatorFactoryInitiator - HHH000397: Using ASTQueryTranslatorFactory
2019-01-12 10:44:02      [Thread-2] INFO     o.s.s.c.ThreadPoolTaskExecutor - Shutting down ExecutorService 'applicationTaskExecutor'
2019-01-12 10:44:02      [Thread-2] INFO     o.s.o.j.LocalContainerEntityManagerFactoryBean - Closing JPA EntityManagerFactory for persistence unit 'default'
2019-01-12 10:44:02      [Thread-2] INFO     com.zaxxer.hikari.HikariDataSource - HikariPool-1 - Shutdown initiated...
2019-01-12 10:44:02      [Thread-2] INFO     com.zaxxer.hikari.HikariDataSource - HikariPool-1 - Shutdown completed.
2019-01-12 10:58:23          [main] INFO     c.l.s.s.impl.OrderServiceImplTest - Starting OrderServiceImplTest on logmei-PC with PID 2264 (started by logmei in D:\02_WorkSpace\sell)
2019-01-12 10:58:23          [main] INFO     c.l.s.s.impl.OrderServiceImplTest - No active profile set, falling back to default profiles: default
2019-01-12 10:58:26          [main] INFO     o.s.d.r.c.RepositoryConfigurationDelegate - Bootstrapping Spring Data repositories in DEFAULT mode.
2019-01-12 10:58:26          [main] INFO     o.s.d.r.c.RepositoryConfigurationDelegate - Finished Spring Data repository scanning in 285ms. Found 4 repository interfaces.
2019-01-12 10:58:27          [main] INFO     o.s.c.s.PostProcessorRegistrationDelegate$BeanPostProcessorChecker - Bean 'org.springframework.transaction.annotation.ProxyTransactionManagementConfiguration' of type [org.springframework.transaction.annotation.ProxyTransactionManagementConfiguration$$EnhancerBySpringCGLIB$$6ed9fda7] is not eligible for getting processed by all BeanPostProcessors (for example: not eligible for auto-proxying)
2019-01-12 10:58:28          [main] INFO     com.zaxxer.hikari.HikariDataSource - HikariPool-1 - Starting...
2019-01-12 10:58:28          [main] INFO     com.zaxxer.hikari.HikariDataSource - HikariPool-1 - Start completed.
2019-01-12 10:58:28          [main] INFO     o.h.jpa.internal.util.LogHelper - HHH000204: Processing PersistenceUnitInfo [
	name: default
	...]
2019-01-12 10:58:28          [main] INFO     org.hibernate.Version - HHH000412: Hibernate Core {5.3.7.Final}
2019-01-12 10:58:28          [main] INFO     org.hibernate.cfg.Environment - HHH000206: hibernate.properties not found
2019-01-12 10:58:28          [main] INFO     o.h.annotations.common.Version - HCANN000001: Hibernate Commons Annotations {5.0.4.Final}
2019-01-12 10:58:29          [main] INFO     org.hibernate.dialect.Dialect - HHH000400: Using dialect: org.hibernate.dialect.MySQL5Dialect
2019-01-12 10:58:31          [main] INFO     o.s.o.j.LocalContainerEntityManagerFactoryBean - Initialized JPA EntityManagerFactory for persistence unit 'default'
2019-01-12 10:58:33          [main] INFO     o.s.s.c.ThreadPoolTaskExecutor - Initializing ExecutorService 'applicationTaskExecutor'
2019-01-12 10:58:33          [main] WARN     o.s.b.a.o.j.JpaBaseConfiguration$JpaWebConfiguration$JpaWebMvcConfiguration - spring.jpa.open-in-view is enabled by default. Therefore, database queries may be performed during view rendering. Explicitly configure spring.jpa.open-in-view to disable this warning
2019-01-12 10:58:34          [main] INFO     c.l.s.s.impl.OrderServiceImplTest - Started OrderServiceImplTest in 11.719 seconds (JVM running for 13.868)
2019-01-12 10:58:34          [main] INFO     o.h.h.i.QueryTranslatorFactoryInitiator - HHH000397: Using ASTQueryTranslatorFactory
2019-01-12 10:58:34      [Thread-2] INFO     o.s.s.c.ThreadPoolTaskExecutor - Shutting down ExecutorService 'applicationTaskExecutor'
2019-01-12 10:58:34      [Thread-2] INFO     o.s.o.j.LocalContainerEntityManagerFactoryBean - Closing JPA EntityManagerFactory for persistence unit 'default'
2019-01-12 10:58:34      [Thread-2] INFO     com.zaxxer.hikari.HikariDataSource - HikariPool-1 - Shutdown initiated...
2019-01-12 10:58:34      [Thread-2] INFO     com.zaxxer.hikari.HikariDataSource - HikariPool-1 - Shutdown completed.
2019-01-12 11:37:10          [main] INFO     c.l.s.s.impl.OrderServiceImplTest - Starting OrderServiceImplTest on logmei-PC with PID 8956 (started by logmei in D:\02_WorkSpace\sell)
2019-01-12 11:37:10          [main] INFO     c.l.s.s.impl.OrderServiceImplTest - No active profile set, falling back to default profiles: default
2019-01-12 11:37:12          [main] INFO     o.s.d.r.c.RepositoryConfigurationDelegate - Bootstrapping Spring Data repositories in DEFAULT mode.
2019-01-12 11:37:12          [main] INFO     o.s.d.r.c.RepositoryConfigurationDelegate - Finished Spring Data repository scanning in 241ms. Found 4 repository interfaces.
2019-01-12 11:37:14          [main] INFO     o.s.c.s.PostProcessorRegistrationDelegate$BeanPostProcessorChecker - Bean 'org.springframework.transaction.annotation.ProxyTransactionManagementConfiguration' of type [org.springframework.transaction.annotation.ProxyTransactionManagementConfiguration$$EnhancerBySpringCGLIB$$9792cfc1] is not eligible for getting processed by all BeanPostProcessors (for example: not eligible for auto-proxying)
2019-01-12 11:37:15          [main] INFO     com.zaxxer.hikari.HikariDataSource - HikariPool-1 - Starting...
2019-01-12 11:37:15          [main] INFO     com.zaxxer.hikari.HikariDataSource - HikariPool-1 - Start completed.
2019-01-12 11:37:15          [main] INFO     o.h.jpa.internal.util.LogHelper - HHH000204: Processing PersistenceUnitInfo [
	name: default
	...]
2019-01-12 11:37:15          [main] INFO     org.hibernate.Version - HHH000412: Hibernate Core {5.3.7.Final}
2019-01-12 11:37:15          [main] INFO     org.hibernate.cfg.Environment - HHH000206: hibernate.properties not found
2019-01-12 11:37:16          [main] INFO     o.h.annotations.common.Version - HCANN000001: Hibernate Commons Annotations {5.0.4.Final}
2019-01-12 11:37:16          [main] INFO     org.hibernate.dialect.Dialect - HHH000400: Using dialect: org.hibernate.dialect.MySQL5Dialect
2019-01-12 11:37:17          [main] INFO     o.s.o.j.LocalContainerEntityManagerFactoryBean - Initialized JPA EntityManagerFactory for persistence unit 'default'
2019-01-12 11:37:20          [main] INFO     o.s.s.c.ThreadPoolTaskExecutor - Initializing ExecutorService 'applicationTaskExecutor'
2019-01-12 11:37:20          [main] WARN     o.s.b.a.o.j.JpaBaseConfiguration$JpaWebConfiguration$JpaWebMvcConfiguration - spring.jpa.open-in-view is enabled by default. Therefore, database queries may be performed during view rendering. Explicitly configure spring.jpa.open-in-view to disable this warning
2019-01-12 11:37:21          [main] INFO     c.l.s.s.impl.OrderServiceImplTest - Started OrderServiceImplTest in 13.107 seconds (JVM running for 16.413)
2019-01-12 11:37:21          [main] INFO     o.h.h.i.QueryTranslatorFactoryInitiator - HHH000397: Using ASTQueryTranslatorFactory
2019-01-12 11:37:22      [Thread-2] INFO     o.s.s.c.ThreadPoolTaskExecutor - Shutting down ExecutorService 'applicationTaskExecutor'
2019-01-12 11:37:22      [Thread-2] INFO     o.s.o.j.LocalContainerEntityManagerFactoryBean - Closing JPA EntityManagerFactory for persistence unit 'default'
2019-01-12 11:37:22      [Thread-2] INFO     com.zaxxer.hikari.HikariDataSource - HikariPool-1 - Shutdown initiated...
2019-01-12 11:37:22      [Thread-2] INFO     com.zaxxer.hikari.HikariDataSource - HikariPool-1 - Shutdown completed.
2019-01-12 11:38:59          [main] INFO     c.l.s.s.impl.OrderServiceImplTest - Starting OrderServiceImplTest on logmei-PC with PID 11604 (started by logmei in D:\02_WorkSpace\sell)
2019-01-12 11:38:59          [main] INFO     c.l.s.s.impl.OrderServiceImplTest - No active profile set, falling back to default profiles: default
2019-01-12 11:39:01          [main] INFO     o.s.d.r.c.RepositoryConfigurationDelegate - Bootstrapping Spring Data repositories in DEFAULT mode.
2019-01-12 11:39:01          [main] INFO     o.s.d.r.c.RepositoryConfigurationDelegate - Finished Spring Data repository scanning in 169ms. Found 4 repository interfaces.
2019-01-12 11:39:02          [main] INFO     o.s.c.s.PostProcessorRegistrationDelegate$BeanPostProcessorChecker - Bean 'org.springframework.transaction.annotation.ProxyTransactionManagementConfiguration' of type [org.springframework.transaction.annotation.ProxyTransactionManagementConfiguration$$EnhancerBySpringCGLIB$$9792cfc1] is not eligible for getting processed by all BeanPostProcessors (for example: not eligible for auto-proxying)
2019-01-12 11:39:03          [main] INFO     com.zaxxer.hikari.HikariDataSource - HikariPool-1 - Starting...
2019-01-12 11:39:04          [main] INFO     com.zaxxer.hikari.HikariDataSource - HikariPool-1 - Start completed.
2019-01-12 11:39:04          [main] INFO     o.h.jpa.internal.util.LogHelper - HHH000204: Processing PersistenceUnitInfo [
	name: default
	...]
2019-01-12 11:39:04          [main] INFO     org.hibernate.Version - HHH000412: Hibernate Core {5.3.7.Final}
2019-01-12 11:39:04          [main] INFO     org.hibernate.cfg.Environment - HHH000206: hibernate.properties not found
2019-01-12 11:39:04          [main] INFO     o.h.annotations.common.Version - HCANN000001: Hibernate Commons Annotations {5.0.4.Final}
2019-01-12 11:39:05          [main] INFO     org.hibernate.dialect.Dialect - HHH000400: Using dialect: org.hibernate.dialect.MySQL5Dialect
2019-01-12 11:39:06          [main] INFO     o.s.o.j.LocalContainerEntityManagerFactoryBean - Initialized JPA EntityManagerFactory for persistence unit 'default'
2019-01-12 11:39:08          [main] INFO     o.s.s.c.ThreadPoolTaskExecutor - Initializing ExecutorService 'applicationTaskExecutor'
2019-01-12 11:39:08          [main] WARN     o.s.b.a.o.j.JpaBaseConfiguration$JpaWebConfiguration$JpaWebMvcConfiguration - spring.jpa.open-in-view is enabled by default. Therefore, database queries may be performed during view rendering. Explicitly configure spring.jpa.open-in-view to disable this warning
2019-01-12 11:39:09          [main] INFO     c.l.s.s.impl.OrderServiceImplTest - Started OrderServiceImplTest in 11.087 seconds (JVM running for 13.455)
2019-01-12 11:39:09          [main] INFO     o.h.h.i.QueryTranslatorFactoryInitiator - HHH000397: Using ASTQueryTranslatorFactory
2019-01-12 11:39:09      [Thread-2] INFO     o.s.s.c.ThreadPoolTaskExecutor - Shutting down ExecutorService 'applicationTaskExecutor'
2019-01-12 11:39:09      [Thread-2] INFO     o.s.o.j.LocalContainerEntityManagerFactoryBean - Closing JPA EntityManagerFactory for persistence unit 'default'
2019-01-12 11:39:09      [Thread-2] INFO     com.zaxxer.hikari.HikariDataSource - HikariPool-1 - Shutdown initiated...
2019-01-12 11:39:09      [Thread-2] INFO     com.zaxxer.hikari.HikariDataSource - HikariPool-1 - Shutdown completed.
2019-01-12 11:39:29          [main] INFO     c.l.s.s.impl.OrderServiceImplTest - Starting OrderServiceImplTest on logmei-PC with PID 2760 (started by logmei in D:\02_WorkSpace\sell)
2019-01-12 11:39:29          [main] INFO     c.l.s.s.impl.OrderServiceImplTest - No active profile set, falling back to default profiles: default
2019-01-12 11:39:30          [main] INFO     o.s.d.r.c.RepositoryConfigurationDelegate - Bootstrapping Spring Data repositories in DEFAULT mode.
2019-01-12 11:39:31          [main] INFO     o.s.d.r.c.RepositoryConfigurationDelegate - Finished Spring Data repository scanning in 157ms. Found 4 repository interfaces.
2019-01-12 11:39:32          [main] INFO     o.s.c.s.PostProcessorRegistrationDelegate$BeanPostProcessorChecker - Bean 'org.springframework.transaction.annotation.ProxyTransactionManagementConfiguration' of type [org.springframework.transaction.annotation.ProxyTransactionManagementConfiguration$$EnhancerBySpringCGLIB$$a353192e] is not eligible for getting processed by all BeanPostProcessors (for example: not eligible for auto-proxying)
2019-01-12 11:39:32          [main] INFO     com.zaxxer.hikari.HikariDataSource - HikariPool-1 - Starting...
2019-01-12 11:39:33          [main] INFO     com.zaxxer.hikari.HikariDataSource - HikariPool-1 - Start completed.
2019-01-12 11:39:33          [main] INFO     o.h.jpa.internal.util.LogHelper - HHH000204: Processing PersistenceUnitInfo [
	name: default
	...]
2019-01-12 11:39:33          [main] INFO     org.hibernate.Version - HHH000412: Hibernate Core {5.3.7.Final}
2019-01-12 11:39:33          [main] INFO     org.hibernate.cfg.Environment - HHH000206: hibernate.properties not found
2019-01-12 11:39:33          [main] INFO     o.h.annotations.common.Version - HCANN000001: Hibernate Commons Annotations {5.0.4.Final}
2019-01-12 11:39:34          [main] INFO     org.hibernate.dialect.Dialect - HHH000400: Using dialect: org.hibernate.dialect.MySQL5Dialect
2019-01-12 11:39:35          [main] INFO     o.s.o.j.LocalContainerEntityManagerFactoryBean - Initialized JPA EntityManagerFactory for persistence unit 'default'
2019-01-12 11:39:38          [main] INFO     o.s.s.c.ThreadPoolTaskExecutor - Initializing ExecutorService 'applicationTaskExecutor'
2019-01-12 11:39:38          [main] WARN     o.s.b.a.o.j.JpaBaseConfiguration$JpaWebConfiguration$JpaWebMvcConfiguration - spring.jpa.open-in-view is enabled by default. Therefore, database queries may be performed during view rendering. Explicitly configure spring.jpa.open-in-view to disable this warning
2019-01-12 11:39:39          [main] INFO     c.l.s.s.impl.OrderServiceImplTest - Started OrderServiceImplTest in 12.308 seconds (JVM running for 17.541)
2019-01-12 11:42:45 [HikariPool-1 housekeeper] WARN     com.zaxxer.hikari.pool.HikariPool - HikariPool-1 - Thread starvation or clock leap detected (housekeeper delta=3m5s495ms503µs334ns).
2019-01-12 11:43:23          [main] INFO     o.h.h.i.QueryTranslatorFactoryInitiator - HHH000397: Using ASTQueryTranslatorFactory
2019-01-12 11:43:36      [Thread-2] INFO     o.s.s.c.ThreadPoolTaskExecutor - Shutting down ExecutorService 'applicationTaskExecutor'
2019-01-12 11:43:36      [Thread-2] INFO     o.s.o.j.LocalContainerEntityManagerFactoryBean - Closing JPA EntityManagerFactory for persistence unit 'default'
2019-01-12 11:43:36      [Thread-2] INFO     com.zaxxer.hikari.HikariDataSource - HikariPool-1 - Shutdown initiated...
2019-01-12 11:43:36      [Thread-2] INFO     com.zaxxer.hikari.HikariDataSource - HikariPool-1 - Shutdown completed.
2019-01-12 11:46:13          [main] INFO     c.l.s.s.impl.OrderServiceImplTest - Starting OrderServiceImplTest on logmei-PC with PID 8628 (started by logmei in D:\02_WorkSpace\sell)
2019-01-12 11:46:13          [main] INFO     c.l.s.s.impl.OrderServiceImplTest - No active profile set, falling back to default profiles: default
2019-01-12 11:46:16          [main] INFO     o.s.d.r.c.RepositoryConfigurationDelegate - Bootstrapping Spring Data repositories in DEFAULT mode.
2019-01-12 11:46:16          [main] INFO     o.s.d.r.c.RepositoryConfigurationDelegate - Finished Spring Data repository scanning in 188ms. Found 4 repository interfaces.
2019-01-12 11:46:17          [main] INFO     o.s.c.s.PostProcessorRegistrationDelegate$BeanPostProcessorChecker - Bean 'org.springframework.transaction.annotation.ProxyTransactionManagementConfiguration' of type [org.springframework.transaction.annotation.ProxyTransactionManagementConfiguration$$EnhancerBySpringCGLIB$$7a19f052] is not eligible for getting processed by all BeanPostProcessors (for example: not eligible for auto-proxying)
2019-01-12 11:46:18          [main] INFO     com.zaxxer.hikari.HikariDataSource - HikariPool-1 - Starting...
2019-01-12 11:46:18          [main] INFO     com.zaxxer.hikari.HikariDataSource - HikariPool-1 - Start completed.
2019-01-12 11:46:18          [main] INFO     o.h.jpa.internal.util.LogHelper - HHH000204: Processing PersistenceUnitInfo [
	name: default
	...]
2019-01-12 11:46:19          [main] INFO     org.hibernate.Version - HHH000412: Hibernate Core {5.3.7.Final}
2019-01-12 11:46:19          [main] INFO     org.hibernate.cfg.Environment - HHH000206: hibernate.properties not found
2019-01-12 11:46:19          [main] INFO     o.h.annotations.common.Version - HCANN000001: Hibernate Commons Annotations {5.0.4.Final}
2019-01-12 11:46:19          [main] INFO     org.hibernate.dialect.Dialect - HHH000400: Using dialect: org.hibernate.dialect.MySQL5Dialect
2019-01-12 11:46:21          [main] INFO     o.s.o.j.LocalContainerEntityManagerFactoryBean - Initialized JPA EntityManagerFactory for persistence unit 'default'
2019-01-12 11:46:24          [main] INFO     o.s.s.c.ThreadPoolTaskExecutor - Initializing ExecutorService 'applicationTaskExecutor'
2019-01-12 11:46:24          [main] WARN     o.s.b.a.o.j.JpaBaseConfiguration$JpaWebConfiguration$JpaWebMvcConfiguration - spring.jpa.open-in-view is enabled by default. Therefore, database queries may be performed during view rendering. Explicitly configure spring.jpa.open-in-view to disable this warning
2019-01-12 11:46:25          [main] INFO     c.l.s.s.impl.OrderServiceImplTest - Started OrderServiceImplTest in 13.919 seconds (JVM running for 17.845)
2019-01-12 11:46:26          [main] INFO     o.h.h.i.QueryTranslatorFactoryInitiator - HHH000397: Using ASTQueryTranslatorFactory
2019-01-12 11:49:59 [HikariPool-1 housekeeper] WARN     com.zaxxer.hikari.pool.HikariPool - HikariPool-1 - Thread starvation or clock leap detected (housekeeper delta=1m19s874ms690µs981ns).
2019-01-12 11:50:09      [Thread-2] INFO     o.s.s.c.ThreadPoolTaskExecutor - Shutting down ExecutorService 'applicationTaskExecutor'
2019-01-12 11:50:09      [Thread-2] INFO     o.s.o.j.LocalContainerEntityManagerFactoryBean - Closing JPA EntityManagerFactory for persistence unit 'default'
2019-01-12 11:50:09      [Thread-2] INFO     com.zaxxer.hikari.HikariDataSource - HikariPool-1 - Shutdown initiated...
2019-01-12 11:50:09      [Thread-2] INFO     com.zaxxer.hikari.HikariDataSource - HikariPool-1 - Shutdown completed.
2019-01-12 11:51:05          [main] INFO     c.l.s.s.impl.OrderServiceImplTest - Starting OrderServiceImplTest on logmei-PC with PID 9388 (started by logmei in D:\02_WorkSpace\sell)
2019-01-12 11:51:05          [main] INFO     c.l.s.s.impl.OrderServiceImplTest - No active profile set, falling back to default profiles: default
2019-01-12 11:51:08          [main] INFO     o.s.d.r.c.RepositoryConfigurationDelegate - Bootstrapping Spring Data repositories in DEFAULT mode.
2019-01-12 11:51:08          [main] INFO     o.s.d.r.c.RepositoryConfigurationDelegate - Finished Spring Data repository scanning in 208ms. Found 4 repository interfaces.
2019-01-12 11:51:09          [main] INFO     o.s.c.s.PostProcessorRegistrationDelegate$BeanPostProcessorChecker - Bean 'org.springframework.transaction.annotation.ProxyTransactionManagementConfiguration' of type [org.springframework.transaction.annotation.ProxyTransactionManagementConfiguration$$EnhancerBySpringCGLIB$$354cc451] is not eligible for getting processed by all BeanPostProcessors (for example: not eligible for auto-proxying)
2019-01-12 11:51:09          [main] INFO     com.zaxxer.hikari.HikariDataSource - HikariPool-1 - Starting...
2019-01-12 11:51:10          [main] INFO     com.zaxxer.hikari.HikariDataSource - HikariPool-1 - Start completed.
2019-01-12 11:51:10          [main] INFO     o.h.jpa.internal.util.LogHelper - HHH000204: Processing PersistenceUnitInfo [
	name: default
	...]
2019-01-12 11:51:10          [main] INFO     org.hibernate.Version - HHH000412: Hibernate Core {5.3.7.Final}
2019-01-12 11:51:10          [main] INFO     org.hibernate.cfg.Environment - HHH000206: hibernate.properties not found
2019-01-12 11:51:10          [main] INFO     o.h.annotations.common.Version - HCANN000001: Hibernate Commons Annotations {5.0.4.Final}
2019-01-12 11:51:11          [main] INFO     org.hibernate.dialect.Dialect - HHH000400: Using dialect: org.hibernate.dialect.MySQL5Dialect
2019-01-12 11:51:13          [main] INFO     o.s.o.j.LocalContainerEntityManagerFactoryBean - Initialized JPA EntityManagerFactory for persistence unit 'default'
2019-01-12 11:51:15          [main] INFO     o.s.s.c.ThreadPoolTaskExecutor - Initializing ExecutorService 'applicationTaskExecutor'
2019-01-12 11:51:15          [main] WARN     o.s.b.a.o.j.JpaBaseConfiguration$JpaWebConfiguration$JpaWebMvcConfiguration - spring.jpa.open-in-view is enabled by default. Therefore, database queries may be performed during view rendering. Explicitly configure spring.jpa.open-in-view to disable this warning
2019-01-12 11:51:16          [main] INFO     c.l.s.s.impl.OrderServiceImplTest - Started OrderServiceImplTest in 12.959 seconds (JVM running for 16.201)
2019-01-12 11:51:25          [main] INFO     o.h.h.i.QueryTranslatorFactoryInitiator - HHH000397: Using ASTQueryTranslatorFactory
2019-01-12 11:51:25      [Thread-2] INFO     o.s.s.c.ThreadPoolTaskExecutor - Shutting down ExecutorService 'applicationTaskExecutor'
2019-01-12 11:51:25      [Thread-2] INFO     o.s.o.j.LocalContainerEntityManagerFactoryBean - Closing JPA EntityManagerFactory for persistence unit 'default'
2019-01-12 11:51:25      [Thread-2] INFO     com.zaxxer.hikari.HikariDataSource - HikariPool-1 - Shutdown initiated...
2019-01-12 11:51:25      [Thread-2] INFO     com.zaxxer.hikari.HikariDataSource - HikariPool-1 - Shutdown completed.
2019-01-12 11:52:54          [main] INFO     c.l.s.s.impl.OrderServiceImplTest - Starting OrderServiceImplTest on logmei-PC with PID 204 (started by logmei in D:\02_WorkSpace\sell)
2019-01-12 11:52:54          [main] INFO     c.l.s.s.impl.OrderServiceImplTest - No active profile set, falling back to default profiles: default
2019-01-12 11:52:57          [main] INFO     o.s.d.r.c.RepositoryConfigurationDelegate - Bootstrapping Spring Data repositories in DEFAULT mode.
2019-01-12 11:52:57          [main] INFO     o.s.d.r.c.RepositoryConfigurationDelegate - Finished Spring Data repository scanning in 158ms. Found 4 repository interfaces.
2019-01-12 11:52:58          [main] INFO     o.s.c.s.PostProcessorRegistrationDelegate$BeanPostProcessorChecker - Bean 'org.springframework.transaction.annotation.ProxyTransactionManagementConfiguration' of type [org.springframework.transaction.annotation.ProxyTransactionManagementConfiguration$$EnhancerBySpringCGLIB$$307e4ac6] is not eligible for getting processed by all BeanPostProcessors (for example: not eligible for auto-proxying)
2019-01-12 11:52:58          [main] INFO     com.zaxxer.hikari.HikariDataSource - HikariPool-1 - Starting...
2019-01-12 11:52:58          [main] INFO     com.zaxxer.hikari.HikariDataSource - HikariPool-1 - Start completed.
2019-01-12 11:52:58          [main] INFO     o.h.jpa.internal.util.LogHelper - HHH000204: Processing PersistenceUnitInfo [
	name: default
	...]
2019-01-12 11:52:59          [main] INFO     org.hibernate.Version - HHH000412: Hibernate Core {5.3.7.Final}
2019-01-12 11:52:59          [main] INFO     org.hibernate.cfg.Environment - HHH000206: hibernate.properties not found
2019-01-12 11:52:59          [main] INFO     o.h.annotations.common.Version - HCANN000001: Hibernate Commons Annotations {5.0.4.Final}
2019-01-12 11:53:00          [main] INFO     org.hibernate.dialect.Dialect - HHH000400: Using dialect: org.hibernate.dialect.MySQL5Dialect
2019-01-12 11:53:01          [main] INFO     o.s.o.j.LocalContainerEntityManagerFactoryBean - Initialized JPA EntityManagerFactory for persistence unit 'default'
2019-01-12 11:53:03          [main] INFO     o.s.s.c.ThreadPoolTaskExecutor - Initializing ExecutorService 'applicationTaskExecutor'
2019-01-12 11:53:03          [main] WARN     o.s.b.a.o.j.JpaBaseConfiguration$JpaWebConfiguration$JpaWebMvcConfiguration - spring.jpa.open-in-view is enabled by default. Therefore, database queries may be performed during view rendering. Explicitly configure spring.jpa.open-in-view to disable this warning
2019-01-12 11:53:03          [main] INFO     c.l.s.s.impl.OrderServiceImplTest - Started OrderServiceImplTest in 10.63 seconds (JVM running for 12.805)
2019-01-12 11:53:04          [main] INFO     o.h.h.i.QueryTranslatorFactoryInitiator - HHH000397: Using ASTQueryTranslatorFactory
2019-01-12 11:53:04      [Thread-2] INFO     o.s.s.c.ThreadPoolTaskExecutor - Shutting down ExecutorService 'applicationTaskExecutor'
2019-01-12 11:53:04      [Thread-2] INFO     o.s.o.j.LocalContainerEntityManagerFactoryBean - Closing JPA EntityManagerFactory for persistence unit 'default'
2019-01-12 11:53:04      [Thread-2] INFO     com.zaxxer.hikari.HikariDataSource - HikariPool-1 - Shutdown initiated...
2019-01-12 11:53:04      [Thread-2] INFO     com.zaxxer.hikari.HikariDataSource - HikariPool-1 - Shutdown completed.
2019-01-12 11:56:33          [main] INFO     c.l.s.s.impl.OrderServiceImplTest - Starting OrderServiceImplTest on logmei-PC with PID 13116 (started by logmei in D:\02_WorkSpace\sell)
2019-01-12 11:56:33          [main] INFO     c.l.s.s.impl.OrderServiceImplTest - No active profile set, falling back to default profiles: default
2019-01-12 11:56:35          [main] INFO     o.s.d.r.c.RepositoryConfigurationDelegate - Bootstrapping Spring Data repositories in DEFAULT mode.
2019-01-12 11:56:36          [main] INFO     o.s.d.r.c.RepositoryConfigurationDelegate - Finished Spring Data repository scanning in 311ms. Found 4 repository interfaces.
2019-01-12 11:56:37          [main] INFO     o.s.c.s.PostProcessorRegistrationDelegate$BeanPostProcessorChecker - Bean 'org.springframework.transaction.annotation.ProxyTransactionManagementConfiguration' of type [org.springframework.transaction.annotation.ProxyTransactionManagementConfiguration$$EnhancerBySpringCGLIB$$1be4cc54] is not eligible for getting processed by all BeanPostProcessors (for example: not eligible for auto-proxying)
2019-01-12 11:56:38          [main] INFO     com.zaxxer.hikari.HikariDataSource - HikariPool-1 - Starting...
2019-01-12 11:56:39          [main] INFO     com.zaxxer.hikari.HikariDataSource - HikariPool-1 - Start completed.
2019-01-12 11:56:39          [main] INFO     o.h.jpa.internal.util.LogHelper - HHH000204: Processing PersistenceUnitInfo [
	name: default
	...]
2019-01-12 11:56:39          [main] INFO     org.hibernate.Version - HHH000412: Hibernate Core {5.3.7.Final}
2019-01-12 11:56:39          [main] INFO     org.hibernate.cfg.Environment - HHH000206: hibernate.properties not found
2019-01-12 11:56:39          [main] INFO     o.h.annotations.common.Version - HCANN000001: Hibernate Commons Annotations {5.0.4.Final}
2019-01-12 11:56:40          [main] INFO     org.hibernate.dialect.Dialect - HHH000400: Using dialect: org.hibernate.dialect.MySQL5Dialect
2019-01-12 11:56:41          [main] INFO     o.s.o.j.LocalContainerEntityManagerFactoryBean - Initialized JPA EntityManagerFactory for persistence unit 'default'
2019-01-12 11:56:43          [main] INFO     o.s.s.c.ThreadPoolTaskExecutor - Initializing ExecutorService 'applicationTaskExecutor'
2019-01-12 11:56:43          [main] WARN     o.s.b.a.o.j.JpaBaseConfiguration$JpaWebConfiguration$JpaWebMvcConfiguration - spring.jpa.open-in-view is enabled by default. Therefore, database queries may be performed during view rendering. Explicitly configure spring.jpa.open-in-view to disable this warning
2019-01-12 11:56:44          [main] INFO     c.l.s.s.impl.OrderServiceImplTest - Started OrderServiceImplTest in 11.819 seconds (JVM running for 14.136)
2019-01-12 11:56:44          [main] INFO     o.h.h.i.QueryTranslatorFactoryInitiator - HHH000397: Using ASTQueryTranslatorFactory
2019-01-12 11:56:45      [Thread-2] INFO     o.s.s.c.ThreadPoolTaskExecutor - Shutting down ExecutorService 'applicationTaskExecutor'
2019-01-12 11:56:45      [Thread-2] INFO     o.s.o.j.LocalContainerEntityManagerFactoryBean - Closing JPA EntityManagerFactory for persistence unit 'default'
2019-01-12 11:56:45      [Thread-2] INFO     com.zaxxer.hikari.HikariDataSource - HikariPool-1 - Shutdown initiated...
2019-01-12 11:56:45      [Thread-2] INFO     com.zaxxer.hikari.HikariDataSource - HikariPool-1 - Shutdown completed.
2019-01-12 11:57:14          [main] INFO     c.l.s.s.impl.OrderServiceImplTest - Starting OrderServiceImplTest on logmei-PC with PID 9312 (started by logmei in D:\02_WorkSpace\sell)
2019-01-12 11:57:14          [main] INFO     c.l.s.s.impl.OrderServiceImplTest - No active profile set, falling back to default profiles: default
2019-01-12 11:57:17          [main] INFO     o.s.d.r.c.RepositoryConfigurationDelegate - Bootstrapping Spring Data repositories in DEFAULT mode.
2019-01-12 11:57:17          [main] INFO     o.s.d.r.c.RepositoryConfigurationDelegate - Finished Spring Data repository scanning in 210ms. Found 4 repository interfaces.
2019-01-12 11:57:18          [main] INFO     o.s.c.s.PostProcessorRegistrationDelegate$BeanPostProcessorChecker - Bean 'org.springframework.transaction.annotation.ProxyTransactionManagementConfiguration' of type [org.springframework.transaction.annotation.ProxyTransactionManagementConfiguration$$EnhancerBySpringCGLIB$$1be4cc54] is not eligible for getting processed by all BeanPostProcessors (for example: not eligible for auto-proxying)
2019-01-12 11:57:18          [main] INFO     com.zaxxer.hikari.HikariDataSource - HikariPool-1 - Starting...
2019-01-12 11:57:19          [main] INFO     com.zaxxer.hikari.HikariDataSource - HikariPool-1 - Start completed.
2019-01-12 11:57:19          [main] INFO     o.h.jpa.internal.util.LogHelper - HHH000204: Processing PersistenceUnitInfo [
	name: default
	...]
2019-01-12 11:57:19          [main] INFO     org.hibernate.Version - HHH000412: Hibernate Core {5.3.7.Final}
2019-01-12 11:57:19          [main] INFO     org.hibernate.cfg.Environment - HHH000206: hibernate.properties not found
2019-01-12 11:57:19          [main] INFO     o.h.annotations.common.Version - HCANN000001: Hibernate Commons Annotations {5.0.4.Final}
2019-01-12 11:57:20          [main] INFO     org.hibernate.dialect.Dialect - HHH000400: Using dialect: org.hibernate.dialect.MySQL5Dialect
2019-01-12 11:57:21          [main] INFO     o.s.o.j.LocalContainerEntityManagerFactoryBean - Initialized JPA EntityManagerFactory for persistence unit 'default'
2019-01-12 11:57:23          [main] INFO     o.s.s.c.ThreadPoolTaskExecutor - Initializing ExecutorService 'applicationTaskExecutor'
2019-01-12 11:57:23          [main] WARN     o.s.b.a.o.j.JpaBaseConfiguration$JpaWebConfiguration$JpaWebMvcConfiguration - spring.jpa.open-in-view is enabled by default. Therefore, database queries may be performed during view rendering. Explicitly configure spring.jpa.open-in-view to disable this warning
2019-01-12 11:57:24          [main] INFO     c.l.s.s.impl.OrderServiceImplTest - Started OrderServiceImplTest in 11.084 seconds (JVM running for 13.333)
2019-01-12 11:57:25          [main] INFO     o.h.h.i.QueryTranslatorFactoryInitiator - HHH000397: Using ASTQueryTranslatorFactory
2019-01-12 11:57:25      [Thread-2] INFO     o.s.s.c.ThreadPoolTaskExecutor - Shutting down ExecutorService 'applicationTaskExecutor'
2019-01-12 11:57:25      [Thread-2] INFO     o.s.o.j.LocalContainerEntityManagerFactoryBean - Closing JPA EntityManagerFactory for persistence unit 'default'
2019-01-12 11:57:25      [Thread-2] INFO     com.zaxxer.hikari.HikariDataSource - HikariPool-1 - Shutdown initiated...
2019-01-12 11:57:25      [Thread-2] INFO     com.zaxxer.hikari.HikariDataSource - HikariPool-1 - Shutdown completed.
2019-01-12 11:58:09          [main] INFO     c.l.s.s.impl.OrderServiceImplTest - Starting OrderServiceImplTest on logmei-PC with PID 13108 (started by logmei in D:\02_WorkSpace\sell)
2019-01-12 11:58:09          [main] INFO     c.l.s.s.impl.OrderServiceImplTest - No active profile set, falling back to default profiles: default
2019-01-12 11:58:12          [main] INFO     o.s.d.r.c.RepositoryConfigurationDelegate - Bootstrapping Spring Data repositories in DEFAULT mode.
2019-01-12 11:58:13          [main] INFO     o.s.d.r.c.RepositoryConfigurationDelegate - Finished Spring Data repository scanning in 178ms. Found 4 repository interfaces.
2019-01-12 11:58:14          [main] INFO     o.s.c.s.PostProcessorRegistrationDelegate$BeanPostProcessorChecker - Bean 'org.springframework.transaction.annotation.ProxyTransactionManagementConfiguration' of type [org.springframework.transaction.annotation.ProxyTransactionManagementConfiguration$$EnhancerBySpringCGLIB$$b82842c5] is not eligible for getting processed by all BeanPostProcessors (for example: not eligible for auto-proxying)
2019-01-12 11:58:14          [main] INFO     com.zaxxer.hikari.HikariDataSource - HikariPool-1 - Starting...
2019-01-12 11:58:14          [main] INFO     com.zaxxer.hikari.HikariDataSource - HikariPool-1 - Start completed.
2019-01-12 11:58:15          [main] INFO     o.h.jpa.internal.util.LogHelper - HHH000204: Processing PersistenceUnitInfo [
	name: default
	...]
2019-01-12 11:58:15          [main] INFO     org.hibernate.Version - HHH000412: Hibernate Core {5.3.7.Final}
2019-01-12 11:58:15          [main] INFO     org.hibernate.cfg.Environment - HHH000206: hibernate.properties not found
2019-01-12 11:58:15          [main] INFO     o.h.annotations.common.Version - HCANN000001: Hibernate Commons Annotations {5.0.4.Final}
2019-01-12 11:58:15          [main] INFO     org.hibernate.dialect.Dialect - HHH000400: Using dialect: org.hibernate.dialect.MySQL5Dialect
2019-01-12 11:58:17          [main] INFO     o.s.o.j.LocalContainerEntityManagerFactoryBean - Initialized JPA EntityManagerFactory for persistence unit 'default'
2019-01-12 11:58:20          [main] INFO     o.s.s.c.ThreadPoolTaskExecutor - Initializing ExecutorService 'applicationTaskExecutor'
2019-01-12 11:58:20          [main] WARN     o.s.b.a.o.j.JpaBaseConfiguration$JpaWebConfiguration$JpaWebMvcConfiguration - spring.jpa.open-in-view is enabled by default. Therefore, database queries may be performed during view rendering. Explicitly configure spring.jpa.open-in-view to disable this warning
2019-01-12 11:58:21          [main] INFO     c.l.s.s.impl.OrderServiceImplTest - Started OrderServiceImplTest in 13.586 seconds (JVM running for 17.119)
2019-01-12 11:58:32          [main] INFO     o.h.h.i.QueryTranslatorFactoryInitiator - HHH000397: Using ASTQueryTranslatorFactory
2019-01-12 11:59:19 [HikariPool-1 housekeeper] WARN     com.zaxxer.hikari.pool.HikariPool - HikariPool-1 - Thread starvation or clock leap detected (housekeeper delta=1m4s516ms488µs397ns).
2019-01-12 12:00:04      [Thread-2] INFO     o.s.s.c.ThreadPoolTaskExecutor - Shutting down ExecutorService 'applicationTaskExecutor'
2019-01-12 12:00:04      [Thread-2] INFO     o.s.o.j.LocalContainerEntityManagerFactoryBean - Closing JPA EntityManagerFactory for persistence unit 'default'
2019-01-12 12:00:04      [Thread-2] INFO     com.zaxxer.hikari.HikariDataSource - HikariPool-1 - Shutdown initiated...
2019-01-12 12:00:04      [Thread-2] INFO     com.zaxxer.hikari.HikariDataSource - HikariPool-1 - Shutdown completed.
2019-01-12 12:00:17          [main] INFO     c.l.s.s.impl.OrderServiceImplTest - Starting OrderServiceImplTest on logmei-PC with PID 6564 (started by logmei in D:\02_WorkSpace\sell)
2019-01-12 12:00:17          [main] INFO     c.l.s.s.impl.OrderServiceImplTest - No active profile set, falling back to default profiles: default
2019-01-12 12:00:19          [main] INFO     o.s.d.r.c.RepositoryConfigurationDelegate - Bootstrapping Spring Data repositories in DEFAULT mode.
2019-01-12 12:00:20          [main] INFO     o.s.d.r.c.RepositoryConfigurationDelegate - Finished Spring Data repository scanning in 291ms. Found 4 repository interfaces.
2019-01-12 12:00:21          [main] INFO     o.s.c.s.PostProcessorRegistrationDelegate$BeanPostProcessorChecker - Bean 'org.springframework.transaction.annotation.ProxyTransactionManagementConfiguration' of type [org.springframework.transaction.annotation.ProxyTransactionManagementConfiguration$$EnhancerBySpringCGLIB$$79b73a5c] is not eligible for getting processed by all BeanPostProcessors (for example: not eligible for auto-proxying)
2019-01-12 12:00:22          [main] INFO     com.zaxxer.hikari.HikariDataSource - HikariPool-1 - Starting...
2019-01-12 12:00:22          [main] INFO     com.zaxxer.hikari.HikariDataSource - HikariPool-1 - Start completed.
2019-01-12 12:00:22          [main] INFO     o.h.jpa.internal.util.LogHelper - HHH000204: Processing PersistenceUnitInfo [
	name: default
	...]
2019-01-12 12:00:23          [main] INFO     org.hibernate.Version - HHH000412: Hibernate Core {5.3.7.Final}
2019-01-12 12:00:23          [main] INFO     org.hibernate.cfg.Environment - HHH000206: hibernate.properties not found
2019-01-12 12:00:23          [main] INFO     o.h.annotations.common.Version - HCANN000001: Hibernate Commons Annotations {5.0.4.Final}
2019-01-12 12:00:23          [main] INFO     org.hibernate.dialect.Dialect - HHH000400: Using dialect: org.hibernate.dialect.MySQL5Dialect
2019-01-12 12:00:25          [main] INFO     o.s.o.j.LocalContainerEntityManagerFactoryBean - Initialized JPA EntityManagerFactory for persistence unit 'default'
2019-01-12 12:00:28          [main] INFO     o.s.s.c.ThreadPoolTaskExecutor - Initializing ExecutorService 'applicationTaskExecutor'
2019-01-12 12:00:28          [main] WARN     o.s.b.a.o.j.JpaBaseConfiguration$JpaWebConfiguration$JpaWebMvcConfiguration - spring.jpa.open-in-view is enabled by default. Therefore, database queries may be performed during view rendering. Explicitly configure spring.jpa.open-in-view to disable this warning
2019-01-12 12:00:29          [main] INFO     c.l.s.s.impl.OrderServiceImplTest - Started OrderServiceImplTest in 12.98 seconds (JVM running for 16.265)
2019-01-12 12:00:30          [main] INFO     o.h.h.i.QueryTranslatorFactoryInitiator - HHH000397: Using ASTQueryTranslatorFactory
2019-01-12 12:00:38      [Thread-2] INFO     o.s.s.c.ThreadPoolTaskExecutor - Shutting down ExecutorService 'applicationTaskExecutor'
2019-01-12 12:00:38      [Thread-2] INFO     o.s.o.j.LocalContainerEntityManagerFactoryBean - Closing JPA EntityManagerFactory for persistence unit 'default'
2019-01-12 12:00:38      [Thread-2] INFO     com.zaxxer.hikari.HikariDataSource - HikariPool-1 - Shutdown initiated...
2019-01-12 12:00:38      [Thread-2] INFO     com.zaxxer.hikari.HikariDataSource - HikariPool-1 - Shutdown completed.
2019-01-12 12:01:00          [main] INFO     c.l.s.s.impl.OrderServiceImplTest - Starting OrderServiceImplTest on logmei-PC with PID 8652 (started by logmei in D:\02_WorkSpace\sell)
2019-01-12 12:01:00          [main] INFO     c.l.s.s.impl.OrderServiceImplTest - No active profile set, falling back to default profiles: default
2019-01-12 12:01:02          [main] INFO     o.s.d.r.c.RepositoryConfigurationDelegate - Bootstrapping Spring Data repositories in DEFAULT mode.
2019-01-12 12:01:02          [main] INFO     o.s.d.r.c.RepositoryConfigurationDelegate - Finished Spring Data repository scanning in 171ms. Found 4 repository interfaces.
2019-01-12 12:01:03          [main] INFO     o.s.c.s.PostProcessorRegistrationDelegate$BeanPostProcessorChecker - Bean 'org.springframework.transaction.annotation.ProxyTransactionManagementConfiguration' of type [org.springframework.transaction.annotation.ProxyTransactionManagementConfiguration$$EnhancerBySpringCGLIB$$d64bd12a] is not eligible for getting processed by all BeanPostProcessors (for example: not eligible for auto-proxying)
2019-01-12 12:01:03          [main] INFO     com.zaxxer.hikari.HikariDataSource - HikariPool-1 - Starting...
2019-01-12 12:01:03          [main] INFO     com.zaxxer.hikari.HikariDataSource - HikariPool-1 - Start completed.
2019-01-12 12:01:04          [main] INFO     o.h.jpa.internal.util.LogHelper - HHH000204: Processing PersistenceUnitInfo [
	name: default
	...]
2019-01-12 12:01:04          [main] INFO     org.hibernate.Version - HHH000412: Hibernate Core {5.3.7.Final}
2019-01-12 12:01:04          [main] INFO     org.hibernate.cfg.Environment - HHH000206: hibernate.properties not found
2019-01-12 12:01:04          [main] INFO     o.h.annotations.common.Version - HCANN000001: Hibernate Commons Annotations {5.0.4.Final}
2019-01-12 12:01:04          [main] INFO     org.hibernate.dialect.Dialect - HHH000400: Using dialect: org.hibernate.dialect.MySQL5Dialect
2019-01-12 12:01:06          [main] INFO     o.s.o.j.LocalContainerEntityManagerFactoryBean - Initialized JPA EntityManagerFactory for persistence unit 'default'
2019-01-12 12:01:09          [main] INFO     o.s.s.c.ThreadPoolTaskExecutor - Initializing ExecutorService 'applicationTaskExecutor'
2019-01-12 12:01:09          [main] WARN     o.s.b.a.o.j.JpaBaseConfiguration$JpaWebConfiguration$JpaWebMvcConfiguration - spring.jpa.open-in-view is enabled by default. Therefore, database queries may be performed during view rendering. Explicitly configure spring.jpa.open-in-view to disable this warning
2019-01-12 12:01:10          [main] INFO     c.l.s.s.impl.OrderServiceImplTest - Started OrderServiceImplTest in 11.53 seconds (JVM running for 15.092)
2019-01-12 12:01:10          [main] INFO     o.h.h.i.QueryTranslatorFactoryInitiator - HHH000397: Using ASTQueryTranslatorFactory
2019-01-12 12:01:51 [HikariPool-1 housekeeper] WARN     com.zaxxer.hikari.pool.HikariPool - HikariPool-1 - Thread starvation or clock leap detected (housekeeper delta=47s347ms42µs212ns).
2019-01-12 12:01:51      [Thread-2] INFO     o.s.s.c.ThreadPoolTaskExecutor - Shutting down ExecutorService 'applicationTaskExecutor'
2019-01-12 12:01:51      [Thread-2] INFO     o.s.o.j.LocalContainerEntityManagerFactoryBean - Closing JPA EntityManagerFactory for persistence unit 'default'
2019-01-12 12:01:51      [Thread-2] INFO     com.zaxxer.hikari.HikariDataSource - HikariPool-1 - Shutdown initiated...
2019-01-12 12:01:51      [Thread-2] INFO     com.zaxxer.hikari.HikariDataSource - HikariPool-1 - Shutdown completed.
2019-01-12 12:02:08          [main] INFO     c.l.s.s.impl.OrderServiceImplTest - Starting OrderServiceImplTest on logmei-PC with PID 12088 (started by logmei in D:\02_WorkSpace\sell)
2019-01-12 12:02:08          [main] INFO     c.l.s.s.impl.OrderServiceImplTest - No active profile set, falling back to default profiles: default
2019-01-12 12:02:11          [main] INFO     o.s.d.r.c.RepositoryConfigurationDelegate - Bootstrapping Spring Data repositories in DEFAULT mode.
2019-01-12 12:02:12          [main] INFO     o.s.d.r.c.RepositoryConfigurationDelegate - Finished Spring Data repository scanning in 305ms. Found 4 repository interfaces.
2019-01-12 12:02:13          [main] INFO     o.s.c.s.PostProcessorRegistrationDelegate$BeanPostProcessorChecker - Bean 'org.springframework.transaction.annotation.ProxyTransactionManagementConfiguration' of type [org.springframework.transaction.annotation.ProxyTransactionManagementConfiguration$$EnhancerBySpringCGLIB$$b25719b9] is not eligible for getting processed by all BeanPostProcessors (for example: not eligible for auto-proxying)
2019-01-12 12:02:14          [main] INFO     com.zaxxer.hikari.HikariDataSource - HikariPool-1 - Starting...
2019-01-12 12:02:14          [main] INFO     com.zaxxer.hikari.HikariDataSource - HikariPool-1 - Start completed.
2019-01-12 12:02:15          [main] INFO     o.h.jpa.internal.util.LogHelper - HHH000204: Processing PersistenceUnitInfo [
	name: default
	...]
2019-01-12 12:02:15          [main] INFO     org.hibernate.Version - HHH000412: Hibernate Core {5.3.7.Final}
2019-01-12 12:02:15          [main] INFO     org.hibernate.cfg.Environment - HHH000206: hibernate.properties not found
2019-01-12 12:02:15          [main] INFO     o.h.annotations.common.Version - HCANN000001: Hibernate Commons Annotations {5.0.4.Final}
2019-01-12 12:02:16          [main] INFO     org.hibernate.dialect.Dialect - HHH000400: Using dialect: org.hibernate.dialect.MySQL5Dialect
2019-01-12 12:02:18          [main] INFO     o.s.o.j.LocalContainerEntityManagerFactoryBean - Initialized JPA EntityManagerFactory for persistence unit 'default'
2019-01-12 12:02:20          [main] INFO     o.s.s.c.ThreadPoolTaskExecutor - Initializing ExecutorService 'applicationTaskExecutor'
2019-01-12 12:02:21          [main] WARN     o.s.b.a.o.j.JpaBaseConfiguration$JpaWebConfiguration$JpaWebMvcConfiguration - spring.jpa.open-in-view is enabled by default. Therefore, database queries may be performed during view rendering. Explicitly configure spring.jpa.open-in-view to disable this warning
2019-01-12 12:02:22          [main] INFO     c.l.s.s.impl.OrderServiceImplTest - Started OrderServiceImplTest in 15.053 seconds (JVM running for 18.497)
2019-01-12 12:02:22          [main] INFO     o.h.h.i.QueryTranslatorFactoryInitiator - HHH000397: Using ASTQueryTranslatorFactory
2019-01-12 12:02:30      [Thread-2] INFO     o.s.s.c.ThreadPoolTaskExecutor - Shutting down ExecutorService 'applicationTaskExecutor'
2019-01-12 12:02:30      [Thread-2] INFO     o.s.o.j.LocalContainerEntityManagerFactoryBean - Closing JPA EntityManagerFactory for persistence unit 'default'
2019-01-12 12:02:30      [Thread-2] INFO     com.zaxxer.hikari.HikariDataSource - HikariPool-1 - Shutdown initiated...
2019-01-12 12:02:30      [Thread-2] INFO     com.zaxxer.hikari.HikariDataSource - HikariPool-1 - Shutdown completed.
2019-01-12 16:21:39          [main] INFO     c.l.s.s.impl.OrderServiceImplTest - Starting OrderServiceImplTest on logmei-PC with PID 9752 (started by logmei in D:\02_WorkSpace\sell)
2019-01-12 16:21:39          [main] INFO     c.l.s.s.impl.OrderServiceImplTest - No active profile set, falling back to default profiles: default
2019-01-12 16:21:40          [main] INFO     o.s.d.r.c.RepositoryConfigurationDelegate - Bootstrapping Spring Data repositories in DEFAULT mode.
2019-01-12 16:21:41          [main] INFO     o.s.d.r.c.RepositoryConfigurationDelegate - Finished Spring Data repository scanning in 243ms. Found 4 repository interfaces.
2019-01-12 16:21:41          [main] INFO     o.s.c.s.PostProcessorRegistrationDelegate$BeanPostProcessorChecker - Bean 'org.springframework.transaction.annotation.ProxyTransactionManagementConfiguration' of type [org.springframework.transaction.annotation.ProxyTransactionManagementConfiguration$$EnhancerBySpringCGLIB$$fb23ca8d] is not eligible for getting processed by all BeanPostProcessors (for example: not eligible for auto-proxying)
2019-01-12 16:21:42          [main] INFO     com.zaxxer.hikari.HikariDataSource - HikariPool-1 - Starting...
2019-01-12 16:21:43          [main] INFO     com.zaxxer.hikari.HikariDataSource - HikariPool-1 - Start completed.
2019-01-12 16:21:43          [main] INFO     o.h.jpa.internal.util.LogHelper - HHH000204: Processing PersistenceUnitInfo [
	name: default
	...]
2019-01-12 16:21:43          [main] INFO     org.hibernate.Version - HHH000412: Hibernate Core {5.3.7.Final}
2019-01-12 16:21:43          [main] INFO     org.hibernate.cfg.Environment - HHH000206: hibernate.properties not found
2019-01-12 16:21:43          [main] INFO     o.h.annotations.common.Version - HCANN000001: Hibernate Commons Annotations {5.0.4.Final}
2019-01-12 16:21:44          [main] INFO     org.hibernate.dialect.Dialect - HHH000400: Using dialect: org.hibernate.dialect.MySQL5Dialect
2019-01-12 16:21:46          [main] INFO     o.s.o.j.LocalContainerEntityManagerFactoryBean - Initialized JPA EntityManagerFactory for persistence unit 'default'
2019-01-12 16:21:49          [main] INFO     o.s.s.c.ThreadPoolTaskExecutor - Initializing ExecutorService 'applicationTaskExecutor'
2019-01-12 16:21:49          [main] WARN     o.s.b.a.o.j.JpaBaseConfiguration$JpaWebConfiguration$JpaWebMvcConfiguration - spring.jpa.open-in-view is enabled by default. Therefore, database queries may be performed during view rendering. Explicitly configure spring.jpa.open-in-view to disable this warning
2019-01-12 16:21:50          [main] INFO     c.l.s.s.impl.OrderServiceImplTest - Started OrderServiceImplTest in 12.403 seconds (JVM running for 17.395)
2019-01-12 16:21:51          [main] INFO     o.h.h.i.QueryTranslatorFactoryInitiator - HHH000397: Using ASTQueryTranslatorFactory
2019-01-12 16:21:51      [Thread-2] INFO     o.s.s.c.ThreadPoolTaskExecutor - Shutting down ExecutorService 'applicationTaskExecutor'
2019-01-12 16:21:51      [Thread-2] INFO     o.s.o.j.LocalContainerEntityManagerFactoryBean - Closing JPA EntityManagerFactory for persistence unit 'default'
2019-01-12 16:21:51      [Thread-2] INFO     com.zaxxer.hikari.HikariDataSource - HikariPool-1 - Shutdown initiated...
2019-01-12 16:21:51      [Thread-2] INFO     com.zaxxer.hikari.HikariDataSource - HikariPool-1 - Shutdown completed.
2019-01-12 16:28:27          [main] INFO     com.logmei.sell.SellApplication - Starting SellApplication on logmei-PC with PID 9548 (D:\02_WorkSpace\sell\target\classes started by logmei in D:\02_WorkSpace\sell)
2019-01-12 16:28:27          [main] INFO     com.logmei.sell.SellApplication - No active profile set, falling back to default profiles: default
2019-01-12 16:28:28          [main] INFO     o.s.d.r.c.RepositoryConfigurationDelegate - Bootstrapping Spring Data repositories in DEFAULT mode.
2019-01-12 16:28:28          [main] INFO     o.s.d.r.c.RepositoryConfigurationDelegate - Finished Spring Data repository scanning in 111ms. Found 4 repository interfaces.
2019-01-12 16:28:28          [main] INFO     o.s.c.s.PostProcessorRegistrationDelegate$BeanPostProcessorChecker - Bean 'org.springframework.transaction.annotation.ProxyTransactionManagementConfiguration' of type [org.springframework.transaction.annotation.ProxyTransactionManagementConfiguration$$EnhancerBySpringCGLIB$$20fd06dc] is not eligible for getting processed by all BeanPostProcessors (for example: not eligible for auto-proxying)
2019-01-12 16:28:29          [main] INFO     o.s.b.w.e.tomcat.TomcatWebServer - Tomcat initialized with port(s): 8080 (http)
2019-01-12 16:28:29          [main] INFO     o.a.coyote.http11.Http11NioProtocol - Initializing ProtocolHandler ["http-nio-8080"]
2019-01-12 16:28:29          [main] INFO     o.a.catalina.core.StandardService - Starting service [Tomcat]
2019-01-12 16:28:29          [main] INFO     o.a.catalina.core.StandardEngine - Starting Servlet Engine: Apache Tomcat/9.0.13
2019-01-12 16:28:29          [main] INFO     o.a.c.core.AprLifecycleListener - The APR based Apache Tomcat Native library which allows optimal performance in production environments was not found on the java.library.path: [D:\Program Files\Java\jdk1.8.0_141\bin;C:\WINDOWS\Sun\Java\bin;C:\WINDOWS\system32;C:\WINDOWS;C:\ProgramData\Oracle\Java\javapath;C:\Program Files (x86)\Intel\iCLS Client\;C:\Program Files\Intel\iCLS Client\;C:\WINDOWS\system32;C:\WINDOWS;C:\Windows\System32\wbem;C:\WINDOWS\System32\WindowsPowerShell\v1.0\;C:\Program Files\Intel\Intel(R) Management Engine Components\DAL;C:\Program Files (x86)\Intel\Intel(R) Management Engine Components\DAL;C:\Program Files\Intel\Intel(R) Management Engine Components\IPT;C:\Program Files (x86)\Intel\Intel(R) Management Engine Components\IPT;C:\Program Files\Lenovo\Fingerprint Manager Pro\;C:\Program Files (x86)\Common Files\Lenovo;C:\SWTOOLS\ReadyApps;D:\mysql-5.6.24-win32\bin;D:\Program Files\Java\jdk1.8.0_141\bin;D:\Program Files\Java\jdk1.8.0_141\jre\bin;D:\maven\apache-maven-3.3.9\bin;C:\Windows\System32;C:\WINDOWS\System32\Wbem;C:\Program Files\nodejs\;C:\Program Files\SlikSvn\bin;D:\Python27;D:\Python27\Scripts;D:\apache-maven-3.5.0\bin;C:\WINDOWS\System32\OpenSSH\;C:\Program Files\Intel\WiFi\bin\;C:\Program Files\Common Files\Intel\WirelessCommon\;d:\Program Files (x86)\SSH Communications Security\SSH Secure Shell;C:\Windows\System32\wbem;C:\Windows\System32;C:\Users\logmei\AppData\Local\Microsoft\WindowsApps;C:\Users\logmei\AppData\Roaming\npm;D:\Python27\Scripts;.]
2019-01-12 16:28:29          [main] INFO     o.a.c.c.C.[.[localhost].[/sell] - Initializing Spring embedded WebApplicationContext
2019-01-12 16:28:29          [main] INFO     o.s.web.context.ContextLoader - Root WebApplicationContext: initialization completed in 2540 ms
2019-01-12 16:28:30          [main] INFO     com.zaxxer.hikari.HikariDataSource - HikariPool-1 - Starting...
2019-01-12 16:28:30          [main] INFO     com.zaxxer.hikari.HikariDataSource - HikariPool-1 - Start completed.
2019-01-12 16:28:30          [main] INFO     o.h.jpa.internal.util.LogHelper - HHH000204: Processing PersistenceUnitInfo [
	name: default
	...]
2019-01-12 16:28:30          [main] INFO     org.hibernate.Version - HHH000412: Hibernate Core {5.3.7.Final}
2019-01-12 16:28:30          [main] INFO     org.hibernate.cfg.Environment - HHH000206: hibernate.properties not found
2019-01-12 16:28:30          [main] INFO     o.h.annotations.common.Version - HCANN000001: Hibernate Commons Annotations {5.0.4.Final}
2019-01-12 16:28:30          [main] INFO     org.hibernate.dialect.Dialect - HHH000400: Using dialect: org.hibernate.dialect.MySQL5Dialect
2019-01-12 16:28:31          [main] INFO     o.s.o.j.LocalContainerEntityManagerFactoryBean - Initialized JPA EntityManagerFactory for persistence unit 'default'
2019-01-12 16:28:32          [main] INFO     o.s.s.c.ThreadPoolTaskExecutor - Initializing ExecutorService 'applicationTaskExecutor'
2019-01-12 16:28:32          [main] WARN     o.s.b.a.o.j.JpaBaseConfiguration$JpaWebConfiguration$JpaWebMvcConfiguration - spring.jpa.open-in-view is enabled by default. Therefore, database queries may be performed during view rendering. Explicitly configure spring.jpa.open-in-view to disable this warning
2019-01-12 16:28:32          [main] INFO     o.a.coyote.http11.Http11NioProtocol - Starting ProtocolHandler ["http-nio-8080"]
2019-01-12 16:28:32          [main] INFO     o.a.tomcat.util.net.NioSelectorPool - Using a shared selector for servlet write/read
2019-01-12 16:28:32          [main] INFO     o.s.b.w.e.tomcat.TomcatWebServer - Tomcat started on port(s): 8080 (http) with context path '/sell'
2019-01-12 16:28:32          [main] INFO     com.logmei.sell.SellApplication - Started SellApplication in 6.585 seconds (JVM running for 8.625)
2019-01-12 16:28:47 [http-nio-8080-exec-1] INFO     o.a.c.c.C.[.[localhost].[/sell] - Initializing Spring DispatcherServlet 'dispatcherServlet'
2019-01-12 16:28:47 [http-nio-8080-exec-1] INFO     o.s.web.servlet.DispatcherServlet - Initializing Servlet 'dispatcherServlet'
2019-01-12 16:28:47 [http-nio-8080-exec-1] INFO     o.s.web.servlet.DispatcherServlet - Completed initialization in 8 ms
2019-01-12 16:46:06          [main] INFO     com.logmei.sell.SellApplication - Starting SellApplication on logmei-PC with PID 10736 (D:\02_WorkSpace\sell\target\classes started by logmei in D:\02_WorkSpace\sell)
2019-01-12 16:46:06          [main] INFO     com.logmei.sell.SellApplication - No active profile set, falling back to default profiles: default
2019-01-12 16:46:07          [main] INFO     o.s.d.r.c.RepositoryConfigurationDelegate - Bootstrapping Spring Data repositories in DEFAULT mode.
2019-01-12 16:46:07          [main] INFO     o.s.d.r.c.RepositoryConfigurationDelegate - Finished Spring Data repository scanning in 109ms. Found 4 repository interfaces.
2019-01-12 16:46:08          [main] INFO     o.s.c.s.PostProcessorRegistrationDelegate$BeanPostProcessorChecker - Bean 'org.springframework.transaction.annotation.ProxyTransactionManagementConfiguration' of type [org.springframework.transaction.annotation.ProxyTransactionManagementConfiguration$$EnhancerBySpringCGLIB$$c86ff35a] is not eligible for getting processed by all BeanPostProcessors (for example: not eligible for auto-proxying)
2019-01-12 16:46:08          [main] INFO     o.s.b.w.e.tomcat.TomcatWebServer - Tomcat initialized with port(s): 8080 (http)
2019-01-12 16:46:08          [main] INFO     o.a.coyote.http11.Http11NioProtocol - Initializing ProtocolHandler ["http-nio-8080"]
2019-01-12 16:46:08          [main] INFO     o.a.catalina.core.StandardService - Starting service [Tomcat]
2019-01-12 16:46:08          [main] INFO     o.a.catalina.core.StandardEngine - Starting Servlet Engine: Apache Tomcat/9.0.13
2019-01-12 16:46:08          [main] INFO     o.a.c.core.AprLifecycleListener - The APR based Apache Tomcat Native library which allows optimal performance in production environments was not found on the java.library.path: [D:\Program Files\Java\jdk1.8.0_141\bin;C:\WINDOWS\Sun\Java\bin;C:\WINDOWS\system32;C:\WINDOWS;C:\ProgramData\Oracle\Java\javapath;C:\Program Files (x86)\Intel\iCLS Client\;C:\Program Files\Intel\iCLS Client\;C:\WINDOWS\system32;C:\WINDOWS;C:\Windows\System32\wbem;C:\WINDOWS\System32\WindowsPowerShell\v1.0\;C:\Program Files\Intel\Intel(R) Management Engine Components\DAL;C:\Program Files (x86)\Intel\Intel(R) Management Engine Components\DAL;C:\Program Files\Intel\Intel(R) Management Engine Components\IPT;C:\Program Files (x86)\Intel\Intel(R) Management Engine Components\IPT;C:\Program Files\Lenovo\Fingerprint Manager Pro\;C:\Program Files (x86)\Common Files\Lenovo;C:\SWTOOLS\ReadyApps;D:\mysql-5.6.24-win32\bin;D:\Program Files\Java\jdk1.8.0_141\bin;D:\Program Files\Java\jdk1.8.0_141\jre\bin;D:\maven\apache-maven-3.3.9\bin;C:\Windows\System32;C:\WINDOWS\System32\Wbem;C:\Program Files\nodejs\;C:\Program Files\SlikSvn\bin;D:\Python27;D:\Python27\Scripts;D:\apache-maven-3.5.0\bin;C:\WINDOWS\System32\OpenSSH\;C:\Program Files\Intel\WiFi\bin\;C:\Program Files\Common Files\Intel\WirelessCommon\;d:\Program Files (x86)\SSH Communications Security\SSH Secure Shell;C:\Windows\System32\wbem;C:\Windows\System32;C:\Users\logmei\AppData\Local\Microsoft\WindowsApps;C:\Users\logmei\AppData\Roaming\npm;D:\Python27\Scripts;.]
2019-01-12 16:46:09          [main] INFO     o.a.c.c.C.[.[localhost].[/sell] - Initializing Spring embedded WebApplicationContext
2019-01-12 16:46:09          [main] INFO     o.s.web.context.ContextLoader - Root WebApplicationContext: initialization completed in 2972 ms
2019-01-12 16:46:09          [main] INFO     com.zaxxer.hikari.HikariDataSource - HikariPool-1 - Starting...
2019-01-12 16:46:09          [main] INFO     com.zaxxer.hikari.HikariDataSource - HikariPool-1 - Start completed.
2019-01-12 16:46:10          [main] INFO     o.h.jpa.internal.util.LogHelper - HHH000204: Processing PersistenceUnitInfo [
	name: default
	...]
2019-01-12 16:46:10          [main] INFO     org.hibernate.Version - HHH000412: Hibernate Core {5.3.7.Final}
2019-01-12 16:46:10          [main] INFO     org.hibernate.cfg.Environment - HHH000206: hibernate.properties not found
2019-01-12 16:46:10          [main] INFO     o.h.annotations.common.Version - HCANN000001: Hibernate Commons Annotations {5.0.4.Final}
2019-01-12 16:46:11          [main] INFO     org.hibernate.dialect.Dialect - HHH000400: Using dialect: org.hibernate.dialect.MySQL5Dialect
2019-01-12 16:46:12          [main] INFO     o.s.o.j.LocalContainerEntityManagerFactoryBean - Initialized JPA EntityManagerFactory for persistence unit 'default'
2019-01-12 16:46:13          [main] INFO     o.s.s.c.ThreadPoolTaskExecutor - Initializing ExecutorService 'applicationTaskExecutor'
2019-01-12 16:46:13          [main] WARN     o.s.b.a.o.j.JpaBaseConfiguration$JpaWebConfiguration$JpaWebMvcConfiguration - spring.jpa.open-in-view is enabled by default. Therefore, database queries may be performed during view rendering. Explicitly configure spring.jpa.open-in-view to disable this warning
2019-01-12 16:46:13          [main] INFO     o.a.coyote.http11.Http11NioProtocol - Starting ProtocolHandler ["http-nio-8080"]
2019-01-12 16:46:13          [main] INFO     o.a.tomcat.util.net.NioSelectorPool - Using a shared selector for servlet write/read
2019-01-12 16:46:13          [main] INFO     o.s.b.w.e.tomcat.TomcatWebServer - Tomcat started on port(s): 8080 (http) with context path '/sell'
2019-01-12 16:46:13          [main] INFO     com.logmei.sell.SellApplication - Started SellApplication in 8.393 seconds (JVM running for 10.0)
2019-01-12 16:46:25 [http-nio-8080-exec-1] INFO     o.a.c.c.C.[.[localhost].[/sell] - Initializing Spring DispatcherServlet 'dispatcherServlet'
2019-01-12 16:46:25 [http-nio-8080-exec-1] INFO     o.s.web.servlet.DispatcherServlet - Initializing Servlet 'dispatcherServlet'
2019-01-12 16:46:25 [http-nio-8080-exec-1] INFO     o.s.web.servlet.DispatcherServlet - Completed initialization in 10 ms
2019-01-12 17:26:26          [main] INFO     com.logmei.sell.SellApplication - Starting SellApplication on logmei-PC with PID 11052 (D:\02_WorkSpace\sell\target\classes started by logmei in D:\02_WorkSpace\sell)
2019-01-12 17:26:26          [main] INFO     com.logmei.sell.SellApplication - No active profile set, falling back to default profiles: default
2019-01-12 17:26:27          [main] INFO     o.s.d.r.c.RepositoryConfigurationDelegate - Bootstrapping Spring Data repositories in DEFAULT mode.
2019-01-12 17:26:27          [main] INFO     o.s.d.r.c.RepositoryConfigurationDelegate - Finished Spring Data repository scanning in 88ms. Found 4 repository interfaces.
2019-01-12 17:26:28          [main] INFO     o.s.c.s.PostProcessorRegistrationDelegate$BeanPostProcessorChecker - Bean 'org.springframework.transaction.annotation.ProxyTransactionManagementConfiguration' of type [org.springframework.transaction.annotation.ProxyTransactionManagementConfiguration$$EnhancerBySpringCGLIB$$3e89fd14] is not eligible for getting processed by all BeanPostProcessors (for example: not eligible for auto-proxying)
2019-01-12 17:26:28          [main] INFO     o.s.b.w.e.tomcat.TomcatWebServer - Tomcat initialized with port(s): 8080 (http)
2019-01-12 17:26:28          [main] INFO     o.a.coyote.http11.Http11NioProtocol - Initializing ProtocolHandler ["http-nio-8080"]
2019-01-12 17:26:28          [main] INFO     o.a.catalina.core.StandardService - Starting service [Tomcat]
2019-01-12 17:26:28          [main] INFO     o.a.catalina.core.StandardEngine - Starting Servlet Engine: Apache Tomcat/9.0.13
2019-01-12 17:26:28          [main] INFO     o.a.c.core.AprLifecycleListener - The APR based Apache Tomcat Native library which allows optimal performance in production environments was not found on the java.library.path: [D:\Program Files\Java\jdk1.8.0_141\bin;C:\WINDOWS\Sun\Java\bin;C:\WINDOWS\system32;C:\WINDOWS;C:\ProgramData\Oracle\Java\javapath;C:\Program Files (x86)\Intel\iCLS Client\;C:\Program Files\Intel\iCLS Client\;C:\WINDOWS\system32;C:\WINDOWS;C:\Windows\System32\wbem;C:\WINDOWS\System32\WindowsPowerShell\v1.0\;C:\Program Files\Intel\Intel(R) Management Engine Components\DAL;C:\Program Files (x86)\Intel\Intel(R) Management Engine Components\DAL;C:\Program Files\Intel\Intel(R) Management Engine Components\IPT;C:\Program Files (x86)\Intel\Intel(R) Management Engine Components\IPT;C:\Program Files\Lenovo\Fingerprint Manager Pro\;C:\Program Files (x86)\Common Files\Lenovo;C:\SWTOOLS\ReadyApps;D:\mysql-5.6.24-win32\bin;D:\Program Files\Java\jdk1.8.0_141\bin;D:\Program Files\Java\jdk1.8.0_141\jre\bin;D:\maven\apache-maven-3.3.9\bin;C:\Windows\System32;C:\WINDOWS\System32\Wbem;C:\Program Files\nodejs\;C:\Program Files\SlikSvn\bin;D:\Python27;D:\Python27\Scripts;D:\apache-maven-3.5.0\bin;C:\WINDOWS\System32\OpenSSH\;C:\Program Files\Intel\WiFi\bin\;C:\Program Files\Common Files\Intel\WirelessCommon\;d:\Program Files (x86)\SSH Communications Security\SSH Secure Shell;C:\Windows\System32\wbem;C:\Windows\System32;C:\Users\logmei\AppData\Local\Microsoft\WindowsApps;C:\Users\logmei\AppData\Roaming\npm;D:\Python27\Scripts;.]
2019-01-12 17:26:28          [main] INFO     o.a.c.c.C.[.[localhost].[/sell] - Initializing Spring embedded WebApplicationContext
2019-01-12 17:26:28          [main] INFO     o.s.web.context.ContextLoader - Root WebApplicationContext: initialization completed in 2619 ms
2019-01-12 17:26:29          [main] INFO     com.zaxxer.hikari.HikariDataSource - HikariPool-1 - Starting...
2019-01-12 17:26:29          [main] INFO     com.zaxxer.hikari.HikariDataSource - HikariPool-1 - Start completed.
2019-01-12 17:26:29          [main] INFO     o.h.jpa.internal.util.LogHelper - HHH000204: Processing PersistenceUnitInfo [
	name: default
	...]
2019-01-12 17:26:29          [main] INFO     org.hibernate.Version - HHH000412: Hibernate Core {5.3.7.Final}
2019-01-12 17:26:29          [main] INFO     org.hibernate.cfg.Environment - HHH000206: hibernate.properties not found
2019-01-12 17:26:30          [main] INFO     o.h.annotations.common.Version - HCANN000001: Hibernate Commons Annotations {5.0.4.Final}
2019-01-12 17:26:30          [main] INFO     org.hibernate.dialect.Dialect - HHH000400: Using dialect: org.hibernate.dialect.MySQL5Dialect
2019-01-12 17:26:31          [main] INFO     o.s.o.j.LocalContainerEntityManagerFactoryBean - Initialized JPA EntityManagerFactory for persistence unit 'default'
2019-01-12 17:26:32          [main] INFO     o.s.s.c.ThreadPoolTaskExecutor - Initializing ExecutorService 'applicationTaskExecutor'
2019-01-12 17:26:32          [main] WARN     o.s.b.a.o.j.JpaBaseConfiguration$JpaWebConfiguration$JpaWebMvcConfiguration - spring.jpa.open-in-view is enabled by default. Therefore, database queries may be performed during view rendering. Explicitly configure spring.jpa.open-in-view to disable this warning
2019-01-12 17:26:33          [main] INFO     o.a.coyote.http11.Http11NioProtocol - Starting ProtocolHandler ["http-nio-8080"]
2019-01-12 17:26:33          [main] INFO     o.a.tomcat.util.net.NioSelectorPool - Using a shared selector for servlet write/read
2019-01-12 17:26:33          [main] INFO     o.s.b.w.e.tomcat.TomcatWebServer - Tomcat started on port(s): 8080 (http) with context path '/sell'
2019-01-12 17:26:33          [main] INFO     com.logmei.sell.SellApplication - Started SellApplication in 7.738 seconds (JVM running for 9.674)
2019-01-12 17:26:37 [http-nio-8080-exec-1] INFO     o.a.c.c.C.[.[localhost].[/sell] - Initializing Spring DispatcherServlet 'dispatcherServlet'
2019-01-12 17:26:37 [http-nio-8080-exec-1] INFO     o.s.web.servlet.DispatcherServlet - Initializing Servlet 'dispatcherServlet'
2019-01-12 17:26:37 [http-nio-8080-exec-1] INFO     o.s.web.servlet.DispatcherServlet - Completed initialization in 8 ms
2019-01-12 17:26:37 [http-nio-8080-exec-1] INFO     o.h.h.i.QueryTranslatorFactoryInitiator - HHH000397: Using ASTQueryTranslatorFactory
2019-01-12 17:38:51          [main] INFO     com.logmei.sell.SellApplication - Starting SellApplication on logmei-PC with PID 10912 (D:\02_WorkSpace\sell\target\classes started by logmei in D:\02_WorkSpace\sell)
2019-01-12 17:38:51          [main] INFO     com.logmei.sell.SellApplication - No active profile set, falling back to default profiles: default
2019-01-12 17:38:52          [main] INFO     o.s.d.r.c.RepositoryConfigurationDelegate - Bootstrapping Spring Data repositories in DEFAULT mode.
2019-01-12 17:38:52          [main] INFO     o.s.d.r.c.RepositoryConfigurationDelegate - Finished Spring Data repository scanning in 135ms. Found 4 repository interfaces.
2019-01-12 17:38:53          [main] INFO     o.s.c.s.PostProcessorRegistrationDelegate$BeanPostProcessorChecker - Bean 'org.springframework.transaction.annotation.ProxyTransactionManagementConfiguration' of type [org.springframework.transaction.annotation.ProxyTransactionManagementConfiguration$$EnhancerBySpringCGLIB$$c897cb34] is not eligible for getting processed by all BeanPostProcessors (for example: not eligible for auto-proxying)
2019-01-12 17:38:54          [main] INFO     o.s.b.w.e.tomcat.TomcatWebServer - Tomcat initialized with port(s): 8080 (http)
2019-01-12 17:38:54          [main] INFO     o.a.coyote.http11.Http11NioProtocol - Initializing ProtocolHandler ["http-nio-8080"]
2019-01-12 17:38:54          [main] INFO     o.a.catalina.core.StandardService - Starting service [Tomcat]
2019-01-12 17:38:54          [main] INFO     o.a.catalina.core.StandardEngine - Starting Servlet Engine: Apache Tomcat/9.0.13
2019-01-12 17:38:54          [main] INFO     o.a.c.core.AprLifecycleListener - The APR based Apache Tomcat Native library which allows optimal performance in production environments was not found on the java.library.path: [D:\Program Files\Java\jdk1.8.0_141\bin;C:\WINDOWS\Sun\Java\bin;C:\WINDOWS\system32;C:\WINDOWS;C:\ProgramData\Oracle\Java\javapath;C:\Program Files (x86)\Intel\iCLS Client\;C:\Program Files\Intel\iCLS Client\;C:\WINDOWS\system32;C:\WINDOWS;C:\Windows\System32\wbem;C:\WINDOWS\System32\WindowsPowerShell\v1.0\;C:\Program Files\Intel\Intel(R) Management Engine Components\DAL;C:\Program Files (x86)\Intel\Intel(R) Management Engine Components\DAL;C:\Program Files\Intel\Intel(R) Management Engine Components\IPT;C:\Program Files (x86)\Intel\Intel(R) Management Engine Components\IPT;C:\Program Files\Lenovo\Fingerprint Manager Pro\;C:\Program Files (x86)\Common Files\Lenovo;C:\SWTOOLS\ReadyApps;D:\mysql-5.6.24-win32\bin;D:\Program Files\Java\jdk1.8.0_141\bin;D:\Program Files\Java\jdk1.8.0_141\jre\bin;D:\maven\apache-maven-3.3.9\bin;C:\Windows\System32;C:\WINDOWS\System32\Wbem;C:\Program Files\nodejs\;C:\Program Files\SlikSvn\bin;D:\Python27;D:\Python27\Scripts;D:\apache-maven-3.5.0\bin;C:\WINDOWS\System32\OpenSSH\;C:\Program Files\Intel\WiFi\bin\;C:\Program Files\Common Files\Intel\WirelessCommon\;d:\Program Files (x86)\SSH Communications Security\SSH Secure Shell;C:\Windows\System32\wbem;C:\Windows\System32;C:\Users\logmei\AppData\Local\Microsoft\WindowsApps;C:\Users\logmei\AppData\Roaming\npm;D:\Python27\Scripts;.]
2019-01-12 17:38:54          [main] INFO     o.a.c.c.C.[.[localhost].[/sell] - Initializing Spring embedded WebApplicationContext
2019-01-12 17:38:54          [main] INFO     o.s.web.context.ContextLoader - Root WebApplicationContext: initialization completed in 2699 ms
2019-01-12 17:38:54          [main] INFO     com.zaxxer.hikari.HikariDataSource - HikariPool-1 - Starting...
2019-01-12 17:38:55          [main] INFO     com.zaxxer.hikari.HikariDataSource - HikariPool-1 - Start completed.
2019-01-12 17:38:55          [main] INFO     o.h.jpa.internal.util.LogHelper - HHH000204: Processing PersistenceUnitInfo [
	name: default
	...]
2019-01-12 17:38:55          [main] INFO     org.hibernate.Version - HHH000412: Hibernate Core {5.3.7.Final}
2019-01-12 17:38:55          [main] INFO     org.hibernate.cfg.Environment - HHH000206: hibernate.properties not found
2019-01-12 17:38:55          [main] INFO     o.h.annotations.common.Version - HCANN000001: Hibernate Commons Annotations {5.0.4.Final}
2019-01-12 17:38:55          [main] INFO     org.hibernate.dialect.Dialect - HHH000400: Using dialect: org.hibernate.dialect.MySQL5Dialect
2019-01-12 17:38:57          [main] INFO     o.s.o.j.LocalContainerEntityManagerFactoryBean - Initialized JPA EntityManagerFactory for persistence unit 'default'
2019-01-12 17:38:57          [main] INFO     o.s.s.c.ThreadPoolTaskExecutor - Initializing ExecutorService 'applicationTaskExecutor'
2019-01-12 17:38:58          [main] WARN     o.s.b.a.o.j.JpaBaseConfiguration$JpaWebConfiguration$JpaWebMvcConfiguration - spring.jpa.open-in-view is enabled by default. Therefore, database queries may be performed during view rendering. Explicitly configure spring.jpa.open-in-view to disable this warning
2019-01-12 17:38:58          [main] INFO     o.a.coyote.http11.Http11NioProtocol - Starting ProtocolHandler ["http-nio-8080"]
2019-01-12 17:38:58          [main] INFO     o.a.tomcat.util.net.NioSelectorPool - Using a shared selector for servlet write/read
2019-01-12 17:38:58          [main] INFO     o.s.b.w.e.tomcat.TomcatWebServer - Tomcat started on port(s): 8080 (http) with context path '/sell'
2019-01-12 17:38:58          [main] INFO     com.logmei.sell.SellApplication - Started SellApplication in 7.962 seconds (JVM running for 9.537)
2019-01-12 17:39:12 [http-nio-8080-exec-1] INFO     o.a.c.c.C.[.[localhost].[/sell] - Initializing Spring DispatcherServlet 'dispatcherServlet'
2019-01-12 17:39:12 [http-nio-8080-exec-1] INFO     o.s.web.servlet.DispatcherServlet - Initializing Servlet 'dispatcherServlet'
2019-01-12 17:39:12 [http-nio-8080-exec-1] INFO     o.s.web.servlet.DispatcherServlet - Completed initialization in 9 ms
2019-01-12 17:39:12 [http-nio-8080-exec-1] INFO     o.h.h.i.QueryTranslatorFactoryInitiator - HHH000397: Using ASTQueryTranslatorFactory
2019-01-12 17:40:21          [main] INFO     com.logmei.sell.SellApplication - Starting SellApplication on logmei-PC with PID 120 (D:\02_WorkSpace\sell\target\classes started by logmei in D:\02_WorkSpace\sell)
2019-01-12 17:40:21          [main] INFO     com.logmei.sell.SellApplication - No active profile set, falling back to default profiles: default
2019-01-12 17:40:22          [main] INFO     o.s.d.r.c.RepositoryConfigurationDelegate - Bootstrapping Spring Data repositories in DEFAULT mode.
2019-01-12 17:40:23          [main] INFO     o.s.d.r.c.RepositoryConfigurationDelegate - Finished Spring Data repository scanning in 161ms. Found 4 repository interfaces.
2019-01-12 17:40:23          [main] INFO     o.s.c.s.PostProcessorRegistrationDelegate$BeanPostProcessorChecker - Bean 'org.springframework.transaction.annotation.ProxyTransactionManagementConfiguration' of type [org.springframework.transaction.annotation.ProxyTransactionManagementConfiguration$$EnhancerBySpringCGLIB$$9e1c72a8] is not eligible for getting processed by all BeanPostProcessors (for example: not eligible for auto-proxying)
2019-01-12 17:40:24          [main] INFO     o.s.b.w.e.tomcat.TomcatWebServer - Tomcat initialized with port(s): 8080 (http)
2019-01-12 17:40:24          [main] INFO     o.a.coyote.http11.Http11NioProtocol - Initializing ProtocolHandler ["http-nio-8080"]
2019-01-12 17:40:24          [main] INFO     o.a.catalina.core.StandardService - Starting service [Tomcat]
2019-01-12 17:40:24          [main] INFO     o.a.catalina.core.StandardEngine - Starting Servlet Engine: Apache Tomcat/9.0.13
2019-01-12 17:40:24          [main] INFO     o.a.c.core.AprLifecycleListener - The APR based Apache Tomcat Native library which allows optimal performance in production environments was not found on the java.library.path: [D:\Program Files\Java\jdk1.8.0_141\bin;C:\WINDOWS\Sun\Java\bin;C:\WINDOWS\system32;C:\WINDOWS;C:\ProgramData\Oracle\Java\javapath;C:\Program Files (x86)\Intel\iCLS Client\;C:\Program Files\Intel\iCLS Client\;C:\WINDOWS\system32;C:\WINDOWS;C:\Windows\System32\wbem;C:\WINDOWS\System32\WindowsPowerShell\v1.0\;C:\Program Files\Intel\Intel(R) Management Engine Components\DAL;C:\Program Files (x86)\Intel\Intel(R) Management Engine Components\DAL;C:\Program Files\Intel\Intel(R) Management Engine Components\IPT;C:\Program Files (x86)\Intel\Intel(R) Management Engine Components\IPT;C:\Program Files\Lenovo\Fingerprint Manager Pro\;C:\Program Files (x86)\Common Files\Lenovo;C:\SWTOOLS\ReadyApps;D:\mysql-5.6.24-win32\bin;D:\Program Files\Java\jdk1.8.0_141\bin;D:\Program Files\Java\jdk1.8.0_141\jre\bin;D:\maven\apache-maven-3.3.9\bin;C:\Windows\System32;C:\WINDOWS\System32\Wbem;C:\Program Files\nodejs\;C:\Program Files\SlikSvn\bin;D:\Python27;D:\Python27\Scripts;D:\apache-maven-3.5.0\bin;C:\WINDOWS\System32\OpenSSH\;C:\Program Files\Intel\WiFi\bin\;C:\Program Files\Common Files\Intel\WirelessCommon\;d:\Program Files (x86)\SSH Communications Security\SSH Secure Shell;C:\Windows\System32\wbem;C:\Windows\System32;C:\Users\logmei\AppData\Local\Microsoft\WindowsApps;C:\Users\logmei\AppData\Roaming\npm;D:\Python27\Scripts;.]
2019-01-12 17:40:24          [main] INFO     o.a.c.c.C.[.[localhost].[/sell] - Initializing Spring embedded WebApplicationContext
2019-01-12 17:40:24          [main] INFO     o.s.web.context.ContextLoader - Root WebApplicationContext: initialization completed in 3277 ms
2019-01-12 17:40:25          [main] INFO     com.zaxxer.hikari.HikariDataSource - HikariPool-1 - Starting...
2019-01-12 17:40:25          [main] INFO     com.zaxxer.hikari.HikariDataSource - HikariPool-1 - Start completed.
2019-01-12 17:40:25          [main] INFO     o.h.jpa.internal.util.LogHelper - HHH000204: Processing PersistenceUnitInfo [
	name: default
	...]
2019-01-12 17:40:25          [main] INFO     org.hibernate.Version - HHH000412: Hibernate Core {5.3.7.Final}
2019-01-12 17:40:25          [main] INFO     org.hibernate.cfg.Environment - HHH000206: hibernate.properties not found
2019-01-12 17:40:26          [main] INFO     o.h.annotations.common.Version - HCANN000001: Hibernate Commons Annotations {5.0.4.Final}
2019-01-12 17:40:26          [main] INFO     org.hibernate.dialect.Dialect - HHH000400: Using dialect: org.hibernate.dialect.MySQL5Dialect
2019-01-12 17:40:27          [main] INFO     o.s.o.j.LocalContainerEntityManagerFactoryBean - Initialized JPA EntityManagerFactory for persistence unit 'default'
2019-01-12 17:40:28          [main] INFO     o.s.s.c.ThreadPoolTaskExecutor - Initializing ExecutorService 'applicationTaskExecutor'
2019-01-12 17:40:28          [main] WARN     o.s.b.a.o.j.JpaBaseConfiguration$JpaWebConfiguration$JpaWebMvcConfiguration - spring.jpa.open-in-view is enabled by default. Therefore, database queries may be performed during view rendering. Explicitly configure spring.jpa.open-in-view to disable this warning
2019-01-12 17:40:28          [main] INFO     o.a.coyote.http11.Http11NioProtocol - Starting ProtocolHandler ["http-nio-8080"]
2019-01-12 17:40:28          [main] INFO     o.a.tomcat.util.net.NioSelectorPool - Using a shared selector for servlet write/read
2019-01-12 17:40:28          [main] INFO     o.s.b.w.e.tomcat.TomcatWebServer - Tomcat started on port(s): 8080 (http) with context path '/sell'
2019-01-12 17:40:28          [main] INFO     com.logmei.sell.SellApplication - Started SellApplication in 7.953 seconds (JVM running for 9.507)
2019-01-12 17:41:32 [http-nio-8080-exec-1] INFO     o.a.c.c.C.[.[localhost].[/sell] - Initializing Spring DispatcherServlet 'dispatcherServlet'
2019-01-12 17:41:32 [http-nio-8080-exec-1] INFO     o.s.web.servlet.DispatcherServlet - Initializing Servlet 'dispatcherServlet'
2019-01-12 17:41:32 [http-nio-8080-exec-1] INFO     o.s.web.servlet.DispatcherServlet - Completed initialization in 7 ms
2019-01-12 17:41:32 [http-nio-8080-exec-1] INFO     o.h.h.i.QueryTranslatorFactoryInitiator - HHH000397: Using ASTQueryTranslatorFactory
