2019-01-09 09:57:29 [HikariPool-1 housekeeper] WARN     com.zaxxer.hikari.pool.HikariPool - HikariPool-1 - Thread starvation or clock leap detected (housekeeper delta=11h7m44s791ms401µs249ns).
2019-01-09 20:45:28     [Thread-21] INFO     o.s.s.c.ThreadPoolTaskExecutor - Shutting down ExecutorService 'applicationTaskExecutor'
2019-01-09 20:45:28     [Thread-21] INFO     o.s.o.j.LocalContainerEntityManagerFactoryBean - Closing JPA EntityManagerFactory for persistence unit 'default'
2019-01-09 20:45:30     [Thread-21] INFO     com.zaxxer.hikari.HikariDataSource - HikariPool-1 - Shutdown initiated...
2019-01-09 20:45:30     [Thread-21] INFO     com.zaxxer.hikari.HikariDataSource - HikariPool-1 - Shutdown completed.
2019-01-09 20:45:40          [main] INFO     c.l.s.r.OrderMasterRepositoryTest - Starting OrderMasterRepositoryTest on logmei-PC with PID 16140 (started by logmei in D:\02_WorkSpace\sell)
2019-01-09 20:45:40          [main] INFO     c.l.s.r.OrderMasterRepositoryTest - No active profile set, falling back to default profiles: default
2019-01-09 20:45:45          [main] INFO     o.s.d.r.c.RepositoryConfigurationDelegate - Bootstrapping Spring Data repositories in DEFAULT mode.
2019-01-09 20:45:46          [main] INFO     o.s.d.r.c.RepositoryConfigurationDelegate - Finished Spring Data repository scanning in 433ms. Found 4 repository interfaces.
2019-01-09 20:45:47          [main] INFO     o.s.c.s.PostProcessorRegistrationDelegate$BeanPostProcessorChecker - Bean 'org.springframework.transaction.annotation.ProxyTransactionManagementConfiguration' of type [org.springframework.transaction.annotation.ProxyTransactionManagementConfiguration$$EnhancerBySpringCGLIB$$c30d03b8] is not eligible for getting processed by all BeanPostProcessors (for example: not eligible for auto-proxying)
2019-01-09 20:45:49          [main] INFO     com.zaxxer.hikari.HikariDataSource - HikariPool-1 - Starting...
2019-01-09 20:45:49          [main] INFO     com.zaxxer.hikari.HikariDataSource - HikariPool-1 - Start completed.
2019-01-09 20:45:49          [main] INFO     o.h.jpa.internal.util.LogHelper - HHH000204: Processing PersistenceUnitInfo [
	name: default
	...]
2019-01-09 20:45:50          [main] INFO     org.hibernate.Version - HHH000412: Hibernate Core {5.3.7.Final}
2019-01-09 20:45:50          [main] INFO     org.hibernate.cfg.Environment - HHH000206: hibernate.properties not found
2019-01-09 20:45:51          [main] INFO     o.h.annotations.common.Version - HCANN000001: Hibernate Commons Annotations {5.0.4.Final}
2019-01-09 20:45:52          [main] INFO     org.hibernate.dialect.Dialect - HHH000400: Using dialect: org.hibernate.dialect.MySQL5Dialect
2019-01-09 20:45:55          [main] INFO     o.s.o.j.LocalContainerEntityManagerFactoryBean - Initialized JPA EntityManagerFactory for persistence unit 'default'
2019-01-09 20:45:58          [main] INFO     o.s.s.c.ThreadPoolTaskExecutor - Initializing ExecutorService 'applicationTaskExecutor'
2019-01-09 20:45:58          [main] WARN     o.s.b.a.o.j.JpaBaseConfiguration$JpaWebConfiguration$JpaWebMvcConfiguration - spring.jpa.open-in-view is enabled by default. Therefore, database queries may be performed during view rendering. Explicitly configure spring.jpa.open-in-view to disable this warning
2019-01-09 20:45:59          [main] INFO     c.l.s.r.OrderMasterRepositoryTest - Started OrderMasterRepositoryTest in 21.459 seconds (JVM running for 26.74)
2019-01-09 20:46:00      [Thread-2] INFO     o.s.s.c.ThreadPoolTaskExecutor - Shutting down ExecutorService 'applicationTaskExecutor'
2019-01-09 20:46:00      [Thread-2] INFO     o.s.o.j.LocalContainerEntityManagerFactoryBean - Closing JPA EntityManagerFactory for persistence unit 'default'
2019-01-09 20:46:00      [Thread-2] INFO     com.zaxxer.hikari.HikariDataSource - HikariPool-1 - Shutdown initiated...
2019-01-09 20:46:00      [Thread-2] INFO     com.zaxxer.hikari.HikariDataSource - HikariPool-1 - Shutdown completed.
2019-01-09 21:01:43          [main] INFO     c.l.s.r.OrderMasterRepositoryTest - Starting OrderMasterRepositoryTest on logmei-PC with PID 11320 (started by logmei in D:\02_WorkSpace\sell)
2019-01-09 21:01:43          [main] INFO     c.l.s.r.OrderMasterRepositoryTest - No active profile set, falling back to default profiles: default
2019-01-09 21:01:45          [main] INFO     o.s.d.r.c.RepositoryConfigurationDelegate - Bootstrapping Spring Data repositories in DEFAULT mode.
2019-01-09 21:01:45          [main] INFO     o.s.d.r.c.RepositoryConfigurationDelegate - Finished Spring Data repository scanning in 250ms. Found 4 repository interfaces.
2019-01-09 21:01:47          [main] INFO     o.s.c.s.PostProcessorRegistrationDelegate$BeanPostProcessorChecker - Bean 'org.springframework.transaction.annotation.ProxyTransactionManagementConfiguration' of type [org.springframework.transaction.annotation.ProxyTransactionManagementConfiguration$$EnhancerBySpringCGLIB$$e67da8da] is not eligible for getting processed by all BeanPostProcessors (for example: not eligible for auto-proxying)
2019-01-09 21:01:48          [main] INFO     com.zaxxer.hikari.HikariDataSource - HikariPool-1 - Starting...
2019-01-09 21:01:49          [main] INFO     com.zaxxer.hikari.HikariDataSource - HikariPool-1 - Start completed.
2019-01-09 21:01:49          [main] INFO     o.h.jpa.internal.util.LogHelper - HHH000204: Processing PersistenceUnitInfo [
	name: default
	...]
2019-01-09 21:01:49          [main] INFO     org.hibernate.Version - HHH000412: Hibernate Core {5.3.7.Final}
2019-01-09 21:01:49          [main] INFO     org.hibernate.cfg.Environment - HHH000206: hibernate.properties not found
2019-01-09 21:01:50          [main] INFO     o.h.annotations.common.Version - HCANN000001: Hibernate Commons Annotations {5.0.4.Final}
2019-01-09 21:01:51          [main] INFO     org.hibernate.dialect.Dialect - HHH000400: Using dialect: org.hibernate.dialect.MySQL5Dialect
2019-01-09 21:01:52          [main] INFO     o.s.o.j.LocalContainerEntityManagerFactoryBean - Initialized JPA EntityManagerFactory for persistence unit 'default'
2019-01-09 21:01:55          [main] INFO     o.s.s.c.ThreadPoolTaskExecutor - Initializing ExecutorService 'applicationTaskExecutor'
2019-01-09 21:01:55          [main] WARN     o.s.b.a.o.j.JpaBaseConfiguration$JpaWebConfiguration$JpaWebMvcConfiguration - spring.jpa.open-in-view is enabled by default. Therefore, database queries may be performed during view rendering. Explicitly configure spring.jpa.open-in-view to disable this warning
2019-01-09 21:01:56          [main] INFO     c.l.s.r.OrderMasterRepositoryTest - Started OrderMasterRepositoryTest in 14.394 seconds (JVM running for 17.376)
2019-01-09 21:01:57      [Thread-2] INFO     o.s.s.c.ThreadPoolTaskExecutor - Shutting down ExecutorService 'applicationTaskExecutor'
2019-01-09 21:01:57      [Thread-2] INFO     o.s.o.j.LocalContainerEntityManagerFactoryBean - Closing JPA EntityManagerFactory for persistence unit 'default'
2019-01-09 21:01:57      [Thread-2] INFO     com.zaxxer.hikari.HikariDataSource - HikariPool-1 - Shutdown initiated...
2019-01-09 21:01:57      [Thread-2] INFO     com.zaxxer.hikari.HikariDataSource - HikariPool-1 - Shutdown completed.
2019-01-09 21:10:10          [main] INFO     c.l.s.r.OrderMasterRepositoryTest - Starting OrderMasterRepositoryTest on logmei-PC with PID 15264 (started by logmei in D:\02_WorkSpace\sell)
2019-01-09 21:10:10          [main] INFO     c.l.s.r.OrderMasterRepositoryTest - No active profile set, falling back to default profiles: default
2019-01-09 21:10:12          [main] INFO     o.s.d.r.c.RepositoryConfigurationDelegate - Bootstrapping Spring Data repositories in DEFAULT mode.
2019-01-09 21:10:12          [main] INFO     o.s.d.r.c.RepositoryConfigurationDelegate - Finished Spring Data repository scanning in 176ms. Found 4 repository interfaces.
2019-01-09 21:10:13          [main] INFO     o.s.c.s.PostProcessorRegistrationDelegate$BeanPostProcessorChecker - Bean 'org.springframework.transaction.annotation.ProxyTransactionManagementConfiguration' of type [org.springframework.transaction.annotation.ProxyTransactionManagementConfiguration$$EnhancerBySpringCGLIB$$dc81ee95] is not eligible for getting processed by all BeanPostProcessors (for example: not eligible for auto-proxying)
2019-01-09 21:10:14          [main] INFO     com.zaxxer.hikari.HikariDataSource - HikariPool-1 - Starting...
2019-01-09 21:10:15          [main] INFO     com.zaxxer.hikari.HikariDataSource - HikariPool-1 - Start completed.
2019-01-09 21:10:15          [main] INFO     o.h.jpa.internal.util.LogHelper - HHH000204: Processing PersistenceUnitInfo [
	name: default
	...]
2019-01-09 21:10:15          [main] INFO     org.hibernate.Version - HHH000412: Hibernate Core {5.3.7.Final}
2019-01-09 21:10:15          [main] INFO     org.hibernate.cfg.Environment - HHH000206: hibernate.properties not found
2019-01-09 21:10:16          [main] INFO     o.h.annotations.common.Version - HCANN000001: Hibernate Commons Annotations {5.0.4.Final}
2019-01-09 21:10:16          [main] INFO     org.hibernate.dialect.Dialect - HHH000400: Using dialect: org.hibernate.dialect.MySQL5Dialect
2019-01-09 21:10:18          [main] INFO     o.s.o.j.LocalContainerEntityManagerFactoryBean - Initialized JPA EntityManagerFactory for persistence unit 'default'
2019-01-09 21:10:20          [main] INFO     o.s.s.c.ThreadPoolTaskExecutor - Initializing ExecutorService 'applicationTaskExecutor'
2019-01-09 21:10:20          [main] WARN     o.s.b.a.o.j.JpaBaseConfiguration$JpaWebConfiguration$JpaWebMvcConfiguration - spring.jpa.open-in-view is enabled by default. Therefore, database queries may be performed during view rendering. Explicitly configure spring.jpa.open-in-view to disable this warning
2019-01-09 21:10:21          [main] INFO     c.l.s.r.OrderMasterRepositoryTest - Started OrderMasterRepositoryTest in 12.232 seconds (JVM running for 15.058)
2019-01-09 21:10:21          [main] INFO     o.h.h.i.QueryTranslatorFactoryInitiator - HHH000397: Using ASTQueryTranslatorFactory
2019-01-09 21:10:22      [Thread-2] INFO     o.s.s.c.ThreadPoolTaskExecutor - Shutting down ExecutorService 'applicationTaskExecutor'
2019-01-09 21:10:22      [Thread-2] INFO     o.s.o.j.LocalContainerEntityManagerFactoryBean - Closing JPA EntityManagerFactory for persistence unit 'default'
2019-01-09 21:10:22      [Thread-2] INFO     com.zaxxer.hikari.HikariDataSource - HikariPool-1 - Shutdown initiated...
2019-01-09 21:10:22      [Thread-2] INFO     com.zaxxer.hikari.HikariDataSource - HikariPool-1 - Shutdown completed.
2019-01-09 21:22:44          [main] INFO     c.l.s.r.OrderDetailRepositoryTest - Starting OrderDetailRepositoryTest on logmei-PC with PID 16520 (started by logmei in D:\02_WorkSpace\sell)
2019-01-09 21:22:44          [main] INFO     c.l.s.r.OrderDetailRepositoryTest - No active profile set, falling back to default profiles: default
2019-01-09 21:22:47          [main] INFO     o.s.d.r.c.RepositoryConfigurationDelegate - Bootstrapping Spring Data repositories in DEFAULT mode.
2019-01-09 21:22:47          [main] INFO     o.s.d.r.c.RepositoryConfigurationDelegate - Finished Spring Data repository scanning in 221ms. Found 4 repository interfaces.
2019-01-09 21:22:49          [main] INFO     o.s.c.s.PostProcessorRegistrationDelegate$BeanPostProcessorChecker - Bean 'org.springframework.transaction.annotation.ProxyTransactionManagementConfiguration' of type [org.springframework.transaction.annotation.ProxyTransactionManagementConfiguration$$EnhancerBySpringCGLIB$$18662442] is not eligible for getting processed by all BeanPostProcessors (for example: not eligible for auto-proxying)
2019-01-09 21:22:50          [main] INFO     com.zaxxer.hikari.HikariDataSource - HikariPool-1 - Starting...
2019-01-09 21:22:50          [main] INFO     com.zaxxer.hikari.HikariDataSource - HikariPool-1 - Start completed.
2019-01-09 21:22:51          [main] INFO     o.h.jpa.internal.util.LogHelper - HHH000204: Processing PersistenceUnitInfo [
	name: default
	...]
2019-01-09 21:22:51          [main] INFO     org.hibernate.Version - HHH000412: Hibernate Core {5.3.7.Final}
2019-01-09 21:22:51          [main] INFO     org.hibernate.cfg.Environment - HHH000206: hibernate.properties not found
2019-01-09 21:22:52          [main] INFO     o.h.annotations.common.Version - HCANN000001: Hibernate Commons Annotations {5.0.4.Final}
2019-01-09 21:22:52          [main] INFO     org.hibernate.dialect.Dialect - HHH000400: Using dialect: org.hibernate.dialect.MySQL5Dialect
2019-01-09 21:22:54          [main] INFO     o.s.o.j.LocalContainerEntityManagerFactoryBean - Initialized JPA EntityManagerFactory for persistence unit 'default'
2019-01-09 21:22:56          [main] INFO     o.s.s.c.ThreadPoolTaskExecutor - Initializing ExecutorService 'applicationTaskExecutor'
2019-01-09 21:22:56          [main] WARN     o.s.b.a.o.j.JpaBaseConfiguration$JpaWebConfiguration$JpaWebMvcConfiguration - spring.jpa.open-in-view is enabled by default. Therefore, database queries may be performed during view rendering. Explicitly configure spring.jpa.open-in-view to disable this warning
2019-01-09 21:22:57          [main] INFO     c.l.s.r.OrderDetailRepositoryTest - Started OrderDetailRepositoryTest in 13.675 seconds (JVM running for 16.262)
2019-01-09 21:22:58      [Thread-2] INFO     o.s.s.c.ThreadPoolTaskExecutor - Shutting down ExecutorService 'applicationTaskExecutor'
2019-01-09 21:22:58      [Thread-2] INFO     o.s.o.j.LocalContainerEntityManagerFactoryBean - Closing JPA EntityManagerFactory for persistence unit 'default'
2019-01-09 21:22:58      [Thread-2] INFO     com.zaxxer.hikari.HikariDataSource - HikariPool-1 - Shutdown initiated...
2019-01-09 21:22:58      [Thread-2] INFO     com.zaxxer.hikari.HikariDataSource - HikariPool-1 - Shutdown completed.
2019-01-09 21:27:56          [main] INFO     c.l.s.r.OrderDetailRepositoryTest - Starting OrderDetailRepositoryTest on logmei-PC with PID 1212 (started by logmei in D:\02_WorkSpace\sell)
2019-01-09 21:27:56          [main] INFO     c.l.s.r.OrderDetailRepositoryTest - No active profile set, falling back to default profiles: default
2019-01-09 21:27:59          [main] INFO     o.s.d.r.c.RepositoryConfigurationDelegate - Bootstrapping Spring Data repositories in DEFAULT mode.
2019-01-09 21:27:59          [main] INFO     o.s.d.r.c.RepositoryConfigurationDelegate - Finished Spring Data repository scanning in 249ms. Found 4 repository interfaces.
2019-01-09 21:28:00          [main] INFO     o.s.c.s.PostProcessorRegistrationDelegate$BeanPostProcessorChecker - Bean 'org.springframework.transaction.annotation.ProxyTransactionManagementConfiguration' of type [org.springframework.transaction.annotation.ProxyTransactionManagementConfiguration$$EnhancerBySpringCGLIB$$c84de93b] is not eligible for getting processed by all BeanPostProcessors (for example: not eligible for auto-proxying)
2019-01-09 21:28:00          [main] INFO     com.zaxxer.hikari.HikariDataSource - HikariPool-1 - Starting...
2019-01-09 21:28:01          [main] INFO     com.zaxxer.hikari.HikariDataSource - HikariPool-1 - Start completed.
2019-01-09 21:28:01          [main] INFO     o.h.jpa.internal.util.LogHelper - HHH000204: Processing PersistenceUnitInfo [
	name: default
	...]
2019-01-09 21:28:01          [main] INFO     org.hibernate.Version - HHH000412: Hibernate Core {5.3.7.Final}
2019-01-09 21:28:01          [main] INFO     org.hibernate.cfg.Environment - HHH000206: hibernate.properties not found
2019-01-09 21:28:01          [main] INFO     o.h.annotations.common.Version - HCANN000001: Hibernate Commons Annotations {5.0.4.Final}
2019-01-09 21:28:02          [main] INFO     org.hibernate.dialect.Dialect - HHH000400: Using dialect: org.hibernate.dialect.MySQL5Dialect
2019-01-09 21:28:03          [main] INFO     o.s.o.j.LocalContainerEntityManagerFactoryBean - Initialized JPA EntityManagerFactory for persistence unit 'default'
2019-01-09 21:28:06          [main] INFO     o.s.s.c.ThreadPoolTaskExecutor - Initializing ExecutorService 'applicationTaskExecutor'
2019-01-09 21:28:06          [main] WARN     o.s.b.a.o.j.JpaBaseConfiguration$JpaWebConfiguration$JpaWebMvcConfiguration - spring.jpa.open-in-view is enabled by default. Therefore, database queries may be performed during view rendering. Explicitly configure spring.jpa.open-in-view to disable this warning
2019-01-09 21:28:06          [main] INFO     c.l.s.r.OrderDetailRepositoryTest - Started OrderDetailRepositoryTest in 11.473 seconds (JVM running for 13.798)
2019-01-09 21:28:07      [Thread-2] INFO     o.s.s.c.ThreadPoolTaskExecutor - Shutting down ExecutorService 'applicationTaskExecutor'
2019-01-09 21:28:07      [Thread-2] INFO     o.s.o.j.LocalContainerEntityManagerFactoryBean - Closing JPA EntityManagerFactory for persistence unit 'default'
2019-01-09 21:28:07      [Thread-2] INFO     com.zaxxer.hikari.HikariDataSource - HikariPool-1 - Shutdown initiated...
2019-01-09 21:28:07      [Thread-2] INFO     com.zaxxer.hikari.HikariDataSource - HikariPool-1 - Shutdown completed.
2019-01-09 21:31:10          [main] INFO     c.l.s.r.OrderDetailRepositoryTest - Starting OrderDetailRepositoryTest on logmei-PC with PID 17520 (started by logmei in D:\02_WorkSpace\sell)
2019-01-09 21:31:10          [main] INFO     c.l.s.r.OrderDetailRepositoryTest - No active profile set, falling back to default profiles: default
2019-01-09 21:31:12          [main] INFO     o.s.d.r.c.RepositoryConfigurationDelegate - Bootstrapping Spring Data repositories in DEFAULT mode.
2019-01-09 21:31:12          [main] INFO     o.s.d.r.c.RepositoryConfigurationDelegate - Finished Spring Data repository scanning in 144ms. Found 4 repository interfaces.
2019-01-09 21:31:13          [main] INFO     o.s.c.s.PostProcessorRegistrationDelegate$BeanPostProcessorChecker - Bean 'org.springframework.transaction.annotation.ProxyTransactionManagementConfiguration' of type [org.springframework.transaction.annotation.ProxyTransactionManagementConfiguration$$EnhancerBySpringCGLIB$$18662442] is not eligible for getting processed by all BeanPostProcessors (for example: not eligible for auto-proxying)
2019-01-09 21:31:14          [main] INFO     com.zaxxer.hikari.HikariDataSource - HikariPool-1 - Starting...
2019-01-09 21:31:14          [main] INFO     com.zaxxer.hikari.HikariDataSource - HikariPool-1 - Start completed.
2019-01-09 21:31:14          [main] INFO     o.h.jpa.internal.util.LogHelper - HHH000204: Processing PersistenceUnitInfo [
	name: default
	...]
2019-01-09 21:31:14          [main] INFO     org.hibernate.Version - HHH000412: Hibernate Core {5.3.7.Final}
2019-01-09 21:31:14          [main] INFO     org.hibernate.cfg.Environment - HHH000206: hibernate.properties not found
2019-01-09 21:31:14          [main] INFO     o.h.annotations.common.Version - HCANN000001: Hibernate Commons Annotations {5.0.4.Final}
2019-01-09 21:31:15          [main] INFO     org.hibernate.dialect.Dialect - HHH000400: Using dialect: org.hibernate.dialect.MySQL5Dialect
2019-01-09 21:31:16          [main] INFO     o.s.o.j.LocalContainerEntityManagerFactoryBean - Initialized JPA EntityManagerFactory for persistence unit 'default'
2019-01-09 21:31:18          [main] INFO     o.s.s.c.ThreadPoolTaskExecutor - Initializing ExecutorService 'applicationTaskExecutor'
2019-01-09 21:31:18          [main] WARN     o.s.b.a.o.j.JpaBaseConfiguration$JpaWebConfiguration$JpaWebMvcConfiguration - spring.jpa.open-in-view is enabled by default. Therefore, database queries may be performed during view rendering. Explicitly configure spring.jpa.open-in-view to disable this warning
2019-01-09 21:31:19          [main] INFO     c.l.s.r.OrderDetailRepositoryTest - Started OrderDetailRepositoryTest in 10.802 seconds (JVM running for 12.948)
2019-01-09 21:31:19      [Thread-2] INFO     o.s.s.c.ThreadPoolTaskExecutor - Shutting down ExecutorService 'applicationTaskExecutor'
2019-01-09 21:31:19      [Thread-2] INFO     o.s.o.j.LocalContainerEntityManagerFactoryBean - Closing JPA EntityManagerFactory for persistence unit 'default'
2019-01-09 21:31:19      [Thread-2] INFO     com.zaxxer.hikari.HikariDataSource - HikariPool-1 - Shutdown initiated...
2019-01-09 21:31:19      [Thread-2] INFO     com.zaxxer.hikari.HikariDataSource - HikariPool-1 - Shutdown completed.
2019-01-09 21:31:54          [main] INFO     c.l.s.r.OrderDetailRepositoryTest - Starting OrderDetailRepositoryTest on logmei-PC with PID 12200 (started by logmei in D:\02_WorkSpace\sell)
2019-01-09 21:31:54          [main] INFO     c.l.s.r.OrderDetailRepositoryTest - No active profile set, falling back to default profiles: default
2019-01-09 21:31:57          [main] INFO     o.s.d.r.c.RepositoryConfigurationDelegate - Bootstrapping Spring Data repositories in DEFAULT mode.
2019-01-09 21:31:57          [main] INFO     o.s.d.r.c.RepositoryConfigurationDelegate - Finished Spring Data repository scanning in 197ms. Found 4 repository interfaces.
2019-01-09 21:31:58          [main] INFO     o.s.c.s.PostProcessorRegistrationDelegate$BeanPostProcessorChecker - Bean 'org.springframework.transaction.annotation.ProxyTransactionManagementConfiguration' of type [org.springframework.transaction.annotation.ProxyTransactionManagementConfiguration$$EnhancerBySpringCGLIB$$c84de93b] is not eligible for getting processed by all BeanPostProcessors (for example: not eligible for auto-proxying)
2019-01-09 21:31:59          [main] INFO     com.zaxxer.hikari.HikariDataSource - HikariPool-1 - Starting...
2019-01-09 21:32:00          [main] INFO     com.zaxxer.hikari.HikariDataSource - HikariPool-1 - Start completed.
2019-01-09 21:32:00          [main] INFO     o.h.jpa.internal.util.LogHelper - HHH000204: Processing PersistenceUnitInfo [
	name: default
	...]
2019-01-09 21:32:01          [main] INFO     org.hibernate.Version - HHH000412: Hibernate Core {5.3.7.Final}
2019-01-09 21:32:01          [main] INFO     org.hibernate.cfg.Environment - HHH000206: hibernate.properties not found
2019-01-09 21:32:01          [main] INFO     o.h.annotations.common.Version - HCANN000001: Hibernate Commons Annotations {5.0.4.Final}
2019-01-09 21:32:02          [main] INFO     org.hibernate.dialect.Dialect - HHH000400: Using dialect: org.hibernate.dialect.MySQL5Dialect
2019-01-09 21:32:03          [main] INFO     o.s.o.j.LocalContainerEntityManagerFactoryBean - Initialized JPA EntityManagerFactory for persistence unit 'default'
2019-01-09 21:32:05          [main] INFO     o.s.s.c.ThreadPoolTaskExecutor - Initializing ExecutorService 'applicationTaskExecutor'
2019-01-09 21:32:05          [main] WARN     o.s.b.a.o.j.JpaBaseConfiguration$JpaWebConfiguration$JpaWebMvcConfiguration - spring.jpa.open-in-view is enabled by default. Therefore, database queries may be performed during view rendering. Explicitly configure spring.jpa.open-in-view to disable this warning
2019-01-09 21:32:06          [main] INFO     c.l.s.r.OrderDetailRepositoryTest - Started OrderDetailRepositoryTest in 13.1 seconds (JVM running for 15.628)
2019-01-09 21:32:06      [Thread-2] INFO     o.s.s.c.ThreadPoolTaskExecutor - Shutting down ExecutorService 'applicationTaskExecutor'
2019-01-09 21:32:06      [Thread-2] INFO     o.s.o.j.LocalContainerEntityManagerFactoryBean - Closing JPA EntityManagerFactory for persistence unit 'default'
2019-01-09 21:32:06      [Thread-2] INFO     com.zaxxer.hikari.HikariDataSource - HikariPool-1 - Shutdown initiated...
2019-01-09 21:32:06      [Thread-2] INFO     com.zaxxer.hikari.HikariDataSource - HikariPool-1 - Shutdown completed.
2019-01-09 21:32:26          [main] INFO     c.l.s.r.OrderDetailRepositoryTest - Starting OrderDetailRepositoryTest on logmei-PC with PID 18296 (started by logmei in D:\02_WorkSpace\sell)
2019-01-09 21:32:26          [main] INFO     c.l.s.r.OrderDetailRepositoryTest - No active profile set, falling back to default profiles: default
2019-01-09 21:32:28          [main] INFO     o.s.d.r.c.RepositoryConfigurationDelegate - Bootstrapping Spring Data repositories in DEFAULT mode.
2019-01-09 21:32:28          [main] INFO     o.s.d.r.c.RepositoryConfigurationDelegate - Finished Spring Data repository scanning in 200ms. Found 4 repository interfaces.
2019-01-09 21:32:30          [main] INFO     o.s.c.s.PostProcessorRegistrationDelegate$BeanPostProcessorChecker - Bean 'org.springframework.transaction.annotation.ProxyTransactionManagementConfiguration' of type [org.springframework.transaction.annotation.ProxyTransactionManagementConfiguration$$EnhancerBySpringCGLIB$$36aa5503] is not eligible for getting processed by all BeanPostProcessors (for example: not eligible for auto-proxying)
2019-01-09 21:32:31          [main] INFO     com.zaxxer.hikari.HikariDataSource - HikariPool-1 - Starting...
2019-01-09 21:32:31          [main] INFO     com.zaxxer.hikari.HikariDataSource - HikariPool-1 - Start completed.
2019-01-09 21:32:31          [main] INFO     o.h.jpa.internal.util.LogHelper - HHH000204: Processing PersistenceUnitInfo [
	name: default
	...]
2019-01-09 21:32:31          [main] INFO     org.hibernate.Version - HHH000412: Hibernate Core {5.3.7.Final}
2019-01-09 21:32:31          [main] INFO     org.hibernate.cfg.Environment - HHH000206: hibernate.properties not found
2019-01-09 21:32:32          [main] INFO     o.h.annotations.common.Version - HCANN000001: Hibernate Commons Annotations {5.0.4.Final}
2019-01-09 21:32:32          [main] INFO     org.hibernate.dialect.Dialect - HHH000400: Using dialect: org.hibernate.dialect.MySQL5Dialect
2019-01-09 21:32:34          [main] INFO     o.s.o.j.LocalContainerEntityManagerFactoryBean - Initialized JPA EntityManagerFactory for persistence unit 'default'
2019-01-09 21:32:36          [main] INFO     o.s.s.c.ThreadPoolTaskExecutor - Initializing ExecutorService 'applicationTaskExecutor'
2019-01-09 21:32:36          [main] WARN     o.s.b.a.o.j.JpaBaseConfiguration$JpaWebConfiguration$JpaWebMvcConfiguration - spring.jpa.open-in-view is enabled by default. Therefore, database queries may be performed during view rendering. Explicitly configure spring.jpa.open-in-view to disable this warning
2019-01-09 21:32:37          [main] INFO     c.l.s.r.OrderDetailRepositoryTest - Started OrderDetailRepositoryTest in 11.976 seconds (JVM running for 14.144)
2019-01-09 21:32:37      [Thread-2] INFO     o.s.s.c.ThreadPoolTaskExecutor - Shutting down ExecutorService 'applicationTaskExecutor'
2019-01-09 21:32:37      [Thread-2] INFO     o.s.o.j.LocalContainerEntityManagerFactoryBean - Closing JPA EntityManagerFactory for persistence unit 'default'
2019-01-09 21:32:37      [Thread-2] INFO     com.zaxxer.hikari.HikariDataSource - HikariPool-1 - Shutdown initiated...
2019-01-09 21:32:37      [Thread-2] INFO     com.zaxxer.hikari.HikariDataSource - HikariPool-1 - Shutdown completed.
2019-01-09 21:33:52          [main] INFO     c.l.s.r.OrderDetailRepositoryTest - Starting OrderDetailRepositoryTest on logmei-PC with PID 3156 (started by logmei in D:\02_WorkSpace\sell)
2019-01-09 21:33:52          [main] INFO     c.l.s.r.OrderDetailRepositoryTest - No active profile set, falling back to default profiles: default
2019-01-09 21:33:54          [main] INFO     o.s.d.r.c.RepositoryConfigurationDelegate - Bootstrapping Spring Data repositories in DEFAULT mode.
2019-01-09 21:33:54          [main] INFO     o.s.d.r.c.RepositoryConfigurationDelegate - Finished Spring Data repository scanning in 199ms. Found 4 repository interfaces.
2019-01-09 21:33:55          [main] INFO     o.s.c.s.PostProcessorRegistrationDelegate$BeanPostProcessorChecker - Bean 'org.springframework.transaction.annotation.ProxyTransactionManagementConfiguration' of type [org.springframework.transaction.annotation.ProxyTransactionManagementConfiguration$$EnhancerBySpringCGLIB$$c38d068] is not eligible for getting processed by all BeanPostProcessors (for example: not eligible for auto-proxying)
2019-01-09 21:33:56          [main] INFO     com.zaxxer.hikari.HikariDataSource - HikariPool-1 - Starting...
2019-01-09 21:33:57          [main] INFO     com.zaxxer.hikari.HikariDataSource - HikariPool-1 - Start completed.
2019-01-09 21:33:57          [main] INFO     o.h.jpa.internal.util.LogHelper - HHH000204: Processing PersistenceUnitInfo [
	name: default
	...]
2019-01-09 21:33:57          [main] INFO     org.hibernate.Version - HHH000412: Hibernate Core {5.3.7.Final}
2019-01-09 21:33:57          [main] INFO     org.hibernate.cfg.Environment - HHH000206: hibernate.properties not found
2019-01-09 21:33:58          [main] INFO     o.h.annotations.common.Version - HCANN000001: Hibernate Commons Annotations {5.0.4.Final}
2019-01-09 21:33:59          [main] INFO     org.hibernate.dialect.Dialect - HHH000400: Using dialect: org.hibernate.dialect.MySQL5Dialect
2019-01-09 21:34:00          [main] INFO     o.s.o.j.LocalContainerEntityManagerFactoryBean - Initialized JPA EntityManagerFactory for persistence unit 'default'
2019-01-09 21:34:02          [main] INFO     o.s.s.c.ThreadPoolTaskExecutor - Initializing ExecutorService 'applicationTaskExecutor'
2019-01-09 21:34:02          [main] WARN     o.s.b.a.o.j.JpaBaseConfiguration$JpaWebConfiguration$JpaWebMvcConfiguration - spring.jpa.open-in-view is enabled by default. Therefore, database queries may be performed during view rendering. Explicitly configure spring.jpa.open-in-view to disable this warning
2019-01-09 21:34:03          [main] INFO     c.l.s.r.OrderDetailRepositoryTest - Started OrderDetailRepositoryTest in 11.949 seconds (JVM running for 14.158)
2019-01-09 21:34:03          [main] INFO     o.h.h.i.QueryTranslatorFactoryInitiator - HHH000397: Using ASTQueryTranslatorFactory
2019-01-09 21:34:03      [Thread-2] INFO     o.s.s.c.ThreadPoolTaskExecutor - Shutting down ExecutorService 'applicationTaskExecutor'
2019-01-09 21:34:03      [Thread-2] INFO     o.s.o.j.LocalContainerEntityManagerFactoryBean - Closing JPA EntityManagerFactory for persistence unit 'default'
2019-01-09 21:34:03      [Thread-2] INFO     com.zaxxer.hikari.HikariDataSource - HikariPool-1 - Shutdown initiated...
2019-01-09 21:34:03      [Thread-2] INFO     com.zaxxer.hikari.HikariDataSource - HikariPool-1 - Shutdown completed.
